{"/Users/krishnabhandari/development/vedaLearnBackend/app.js": {"path":"/Users/krishnabhandari/development/vedaLearnBackend/app.js","statementMap":{"0":{"start":{"line":2,"column":16},"end":{"line":2,"column":34}},"1":{"start":{"line":3,"column":13},"end":{"line":3,"column":28}},"2":{"start":{"line":4,"column":13},"end":{"line":4,"column":28}},"3":{"start":{"line":5,"column":15},"end":{"line":5,"column":32}},"4":{"start":{"line":7,"column":19},"end":{"line":7,"column":49}},"5":{"start":{"line":8,"column":22},"end":{"line":8,"column":55}},"6":{"start":{"line":9,"column":24},"end":{"line":9,"column":64}},"7":{"start":{"line":10,"column":27},"end":{"line":10,"column":70}},"8":{"start":{"line":11,"column":26},"end":{"line":11,"column":68}},"9":{"start":{"line":12,"column":26},"end":{"line":12,"column":69}},"10":{"start":{"line":13,"column":28},"end":{"line":13,"column":73}},"11":{"start":{"line":14,"column":27},"end":{"line":14,"column":65}},"12":{"start":{"line":15,"column":23},"end":{"line":15,"column":62}},"13":{"start":{"line":16,"column":27},"end":{"line":16,"column":64}},"14":{"start":{"line":17,"column":19},"end":{"line":17,"column":49}},"15":{"start":{"line":19,"column":12},"end":{"line":19,"column":21}},"16":{"start":{"line":22,"column":0},"end":{"line":25,"column":4}},"17":{"start":{"line":26,"column":0},"end":{"line":26,"column":24}},"18":{"start":{"line":27,"column":0},"end":{"line":27,"column":48}},"19":{"start":{"line":28,"column":0},"end":{"line":28,"column":69}},"20":{"start":{"line":31,"column":0},"end":{"line":31,"column":33}},"21":{"start":{"line":32,"column":0},"end":{"line":32,"column":37}},"22":{"start":{"line":33,"column":0},"end":{"line":33,"column":44}},"23":{"start":{"line":34,"column":0},"end":{"line":34,"column":50}},"24":{"start":{"line":35,"column":0},"end":{"line":35,"column":50}},"25":{"start":{"line":36,"column":0},"end":{"line":36,"column":49}},"26":{"start":{"line":37,"column":0},"end":{"line":37,"column":49}},"27":{"start":{"line":38,"column":0},"end":{"line":38,"column":53}},"28":{"start":{"line":39,"column":0},"end":{"line":39,"column":48}},"29":{"start":{"line":40,"column":0},"end":{"line":40,"column":49}},"30":{"start":{"line":41,"column":0},"end":{"line":41,"column":33}},"31":{"start":{"line":44,"column":0},"end":{"line":53,"column":3}},"32":{"start":{"line":45,"column":2},"end":{"line":51,"column":3}},"33":{"start":{"line":46,"column":4},"end":{"line":46,"column":48}},"34":{"start":{"line":47,"column":4},"end":{"line":47,"column":70}},"35":{"start":{"line":48,"column":9},"end":{"line":51,"column":3}},"36":{"start":{"line":49,"column":4},"end":{"line":49,"column":49}},"37":{"start":{"line":50,"column":4},"end":{"line":50,"column":77}},"38":{"start":{"line":52,"column":2},"end":{"line":52,"column":9}},"39":{"start":{"line":55,"column":0},"end":{"line":55,"column":21}}},"fnMap":{"0":{"name":"(anonymous_0)","decl":{"start":{"line":44,"column":8},"end":{"line":44,"column":9}},"loc":{"start":{"line":44,"column":33},"end":{"line":53,"column":1}},"line":44}},"branchMap":{"0":{"loc":{"start":{"line":23,"column":10},"end":{"line":23,"column":59}},"type":"binary-expr","locations":[{"start":{"line":23,"column":10},"end":{"line":23,"column":32}},{"start":{"line":23,"column":36},"end":{"line":23,"column":59}}],"line":23},"1":{"loc":{"start":{"line":45,"column":2},"end":{"line":51,"column":3}},"type":"if","locations":[{"start":{"line":45,"column":2},"end":{"line":51,"column":3}},{"start":{"line":48,"column":9},"end":{"line":51,"column":3}}],"line":45},"2":{"loc":{"start":{"line":48,"column":9},"end":{"line":51,"column":3}},"type":"if","locations":[{"start":{"line":48,"column":9},"end":{"line":51,"column":3}},{"start":{},"end":{}}],"line":48}},"s":{"0":6,"1":6,"2":6,"3":6,"4":6,"5":6,"6":6,"7":6,"8":6,"9":6,"10":6,"11":6,"12":6,"13":6,"14":6,"15":6,"16":6,"17":6,"18":6,"19":6,"20":6,"21":6,"22":6,"23":6,"24":6,"25":6,"26":6,"27":6,"28":6,"29":6,"30":6,"31":6,"32":0,"33":0,"34":0,"35":0,"36":0,"37":0,"38":0,"39":6},"f":{"0":0},"b":{"0":[6,0],"1":[0,0],"2":[0,0]},"_coverageSchema":"1a1c01bbd47fc00a2c39e90264f33305004495a9","hash":"41b76f8d408f4fbc2f01e31b448ec065c040dac7"}
,"/Users/krishnabhandari/development/vedaLearnBackend/controllers/planController.js": {"path":"/Users/krishnabhandari/development/vedaLearnBackend/controllers/planController.js","statementMap":{"0":{"start":{"line":1,"column":13},"end":{"line":1,"column":38}},"1":{"start":{"line":4,"column":0},"end":{"line":16,"column":2}},"2":{"start":{"line":5,"column":2},"end":{"line":15,"column":3}},"3":{"start":{"line":6,"column":41},"end":{"line":6,"column":49}},"4":{"start":{"line":7,"column":21},"end":{"line":7,"column":49}},"5":{"start":{"line":8,"column":4},"end":{"line":8,"column":82}},"6":{"start":{"line":8,"column":18},"end":{"line":8,"column":82}},"7":{"start":{"line":10,"column":17},"end":{"line":10,"column":64}},"8":{"start":{"line":11,"column":4},"end":{"line":11,"column":31}},"9":{"start":{"line":13,"column":4},"end":{"line":13,"column":47}},"10":{"start":{"line":14,"column":4},"end":{"line":14,"column":54}},"11":{"start":{"line":19,"column":0},"end":{"line":31,"column":2}},"12":{"start":{"line":20,"column":2},"end":{"line":30,"column":3}},"13":{"start":{"line":21,"column":18},"end":{"line":21,"column":35}},"14":{"start":{"line":22,"column":4},"end":{"line":26,"column":7}},"15":{"start":{"line":28,"column":4},"end":{"line":28,"column":48}},"16":{"start":{"line":29,"column":4},"end":{"line":29,"column":54}},"17":{"start":{"line":34,"column":0},"end":{"line":48,"column":2}},"18":{"start":{"line":35,"column":2},"end":{"line":47,"column":3}},"19":{"start":{"line":36,"column":19},"end":{"line":36,"column":29}},"20":{"start":{"line":37,"column":17},"end":{"line":37,"column":40}},"21":{"start":{"line":38,"column":4},"end":{"line":38,"column":74}},"22":{"start":{"line":38,"column":15},"end":{"line":38,"column":74}},"23":{"start":{"line":39,"column":4},"end":{"line":43,"column":7}},"24":{"start":{"line":45,"column":4},"end":{"line":45,"column":47}},"25":{"start":{"line":46,"column":4},"end":{"line":46,"column":54}},"26":{"start":{"line":51,"column":0},"end":{"line":70,"column":2}},"27":{"start":{"line":52,"column":2},"end":{"line":69,"column":3}},"28":{"start":{"line":53,"column":19},"end":{"line":53,"column":29}},"29":{"start":{"line":54,"column":41},"end":{"line":54,"column":49}},"30":{"start":{"line":55,"column":17},"end":{"line":59,"column":5}},"31":{"start":{"line":60,"column":4},"end":{"line":60,"column":74}},"32":{"start":{"line":60,"column":15},"end":{"line":60,"column":74}},"33":{"start":{"line":61,"column":4},"end":{"line":65,"column":7}},"34":{"start":{"line":67,"column":4},"end":{"line":67,"column":47}},"35":{"start":{"line":68,"column":4},"end":{"line":68,"column":54}},"36":{"start":{"line":73,"column":0},"end":{"line":83,"column":2}},"37":{"start":{"line":74,"column":2},"end":{"line":82,"column":3}},"38":{"start":{"line":75,"column":19},"end":{"line":75,"column":29}},"39":{"start":{"line":76,"column":19},"end":{"line":76,"column":51}},"40":{"start":{"line":77,"column":4},"end":{"line":77,"column":76}},"41":{"start":{"line":77,"column":17},"end":{"line":77,"column":76}},"42":{"start":{"line":78,"column":4},"end":{"line":78,"column":69}},"43":{"start":{"line":80,"column":4},"end":{"line":80,"column":47}},"44":{"start":{"line":81,"column":4},"end":{"line":81,"column":54}}},"fnMap":{"0":{"name":"(anonymous_0)","decl":{"start":{"line":4,"column":21},"end":{"line":4,"column":22}},"loc":{"start":{"line":4,"column":41},"end":{"line":16,"column":1}},"line":4},"1":{"name":"(anonymous_1)","decl":{"start":{"line":19,"column":22},"end":{"line":19,"column":23}},"loc":{"start":{"line":19,"column":42},"end":{"line":31,"column":1}},"line":19},"2":{"name":"(anonymous_2)","decl":{"start":{"line":34,"column":22},"end":{"line":34,"column":23}},"loc":{"start":{"line":34,"column":42},"end":{"line":48,"column":1}},"line":34},"3":{"name":"(anonymous_3)","decl":{"start":{"line":51,"column":21},"end":{"line":51,"column":22}},"loc":{"start":{"line":51,"column":41},"end":{"line":70,"column":1}},"line":51},"4":{"name":"(anonymous_4)","decl":{"start":{"line":73,"column":21},"end":{"line":73,"column":22}},"loc":{"start":{"line":73,"column":41},"end":{"line":83,"column":1}},"line":73}},"branchMap":{"0":{"loc":{"start":{"line":8,"column":4},"end":{"line":8,"column":82}},"type":"if","locations":[{"start":{"line":8,"column":4},"end":{"line":8,"column":82}},{"start":{},"end":{}}],"line":8},"1":{"loc":{"start":{"line":38,"column":4},"end":{"line":38,"column":74}},"type":"if","locations":[{"start":{"line":38,"column":4},"end":{"line":38,"column":74}},{"start":{},"end":{}}],"line":38},"2":{"loc":{"start":{"line":60,"column":4},"end":{"line":60,"column":74}},"type":"if","locations":[{"start":{"line":60,"column":4},"end":{"line":60,"column":74}},{"start":{},"end":{}}],"line":60},"3":{"loc":{"start":{"line":77,"column":4},"end":{"line":77,"column":76}},"type":"if","locations":[{"start":{"line":77,"column":4},"end":{"line":77,"column":76}},{"start":{},"end":{}}],"line":77}},"s":{"0":7,"1":7,"2":4,"3":4,"4":4,"5":3,"6":1,"7":2,"8":2,"9":1,"10":1,"11":7,"12":3,"13":3,"14":2,"15":1,"16":1,"17":7,"18":4,"19":4,"20":4,"21":3,"22":1,"23":2,"24":1,"25":1,"26":7,"27":4,"28":4,"29":4,"30":4,"31":3,"32":1,"33":2,"34":1,"35":1,"36":7,"37":4,"38":4,"39":4,"40":3,"41":1,"42":2,"43":1,"44":1},"f":{"0":4,"1":3,"2":4,"3":4,"4":4},"b":{"0":[1,2],"1":[1,2],"2":[1,2],"3":[1,2]},"_coverageSchema":"1a1c01bbd47fc00a2c39e90264f33305004495a9","hash":"6a8ac8abbb60a2662da86831abb9fa6beb53cfb7"}
,"/Users/krishnabhandari/development/vedaLearnBackend/controllers/subscriptionController.js": {"path":"/Users/krishnabhandari/development/vedaLearnBackend/controllers/subscriptionController.js","statementMap":{"0":{"start":{"line":2,"column":11},"end":{"line":2,"column":39}},"1":{"start":{"line":3,"column":15},"end":{"line":3,"column":32}},"2":{"start":{"line":4,"column":17},"end":{"line":4,"column":37}},"3":{"start":{"line":5,"column":23},"end":{"line":5,"column":38}},"4":{"start":{"line":6,"column":21},"end":{"line":6,"column":57}},"5":{"start":{"line":7,"column":13},"end":{"line":7,"column":41}},"6":{"start":{"line":8,"column":0},"end":{"line":8,"column":27}},"7":{"start":{"line":9,"column":16},"end":{"line":9,"column":45}},"8":{"start":{"line":10,"column":16},"end":{"line":10,"column":45}},"9":{"start":{"line":12,"column":0},"end":{"line":12,"column":16}},"10":{"start":{"line":14,"column":31},"end":{"line":18,"column":1}},"11":{"start":{"line":15,"column":23},"end":{"line":15,"column":119}},"12":{"start":{"line":16,"column":15},"end":{"line":16,"column":60}},"13":{"start":{"line":17,"column":2},"end":{"line":17,"column":45}},"14":{"start":{"line":22,"column":15},"end":{"line":56,"column":3}},"15":{"start":{"line":23,"column":4},"end":{"line":55,"column":5}},"16":{"start":{"line":24,"column":21},"end":{"line":24,"column":36}},"17":{"start":{"line":25,"column":19},"end":{"line":25,"column":46}},"18":{"start":{"line":26,"column":6},"end":{"line":26,"column":61}},"19":{"start":{"line":26,"column":17},"end":{"line":26,"column":61}},"20":{"start":{"line":28,"column":18},"end":{"line":28,"column":26}},"21":{"start":{"line":29,"column":20},"end":{"line":29,"column":30}},"22":{"start":{"line":30,"column":26},"end":{"line":30,"column":36}},"23":{"start":{"line":31,"column":24},"end":{"line":31,"column":101}},"24":{"start":{"line":34,"column":6},"end":{"line":40,"column":9}},"25":{"start":{"line":42,"column":6},"end":{"line":51,"column":9}},"26":{"start":{"line":53,"column":6},"end":{"line":53,"column":51}},"27":{"start":{"line":54,"column":6},"end":{"line":54,"column":43}},"28":{"start":{"line":59,"column":18},"end":{"line":94,"column":3}},"29":{"start":{"line":60,"column":17},"end":{"line":60,"column":31}},"30":{"start":{"line":62,"column":4},"end":{"line":93,"column":5}},"31":{"start":{"line":63,"column":22},"end":{"line":63,"column":79}},"32":{"start":{"line":65,"column":6},"end":{"line":87,"column":7}},"33":{"start":{"line":66,"column":24},"end":{"line":66,"column":263}},"34":{"start":{"line":67,"column":34},"end":{"line":67,"column":92}},"35":{"start":{"line":68,"column":40},"end":{"line":68,"column":88}},"36":{"start":{"line":70,"column":8},"end":{"line":72,"column":9}},"37":{"start":{"line":71,"column":10},"end":{"line":71,"column":59}},"38":{"start":{"line":75,"column":29},"end":{"line":75,"column":100}},"39":{"start":{"line":76,"column":8},"end":{"line":76,"column":81}},"40":{"start":{"line":76,"column":27},"end":{"line":76,"column":81}},"41":{"start":{"line":78,"column":8},"end":{"line":78,"column":41}},"42":{"start":{"line":79,"column":8},"end":{"line":79,"column":34}},"43":{"start":{"line":80,"column":21},"end":{"line":80,"column":61}},"44":{"start":{"line":81,"column":0},"end":{"line":84,"column":1}},"45":{"start":{"line":82,"column":2},"end":{"line":82,"column":25}},"46":{"start":{"line":83,"column":2},"end":{"line":83,"column":20}},"47":{"start":{"line":86,"column":8},"end":{"line":86,"column":37}},"48":{"start":{"line":89,"column":6},"end":{"line":89,"column":28}},"49":{"start":{"line":91,"column":6},"end":{"line":91,"column":50}},"50":{"start":{"line":92,"column":6},"end":{"line":92,"column":28}},"51":{"start":{"line":96,"column":33},"end":{"line":104,"column":3}},"52":{"start":{"line":97,"column":4},"end":{"line":103,"column":5}},"53":{"start":{"line":98,"column":19},"end":{"line":98,"column":102}},"54":{"start":{"line":99,"column":6},"end":{"line":99,"column":46}},"55":{"start":{"line":101,"column":6},"end":{"line":101,"column":57}},"56":{"start":{"line":102,"column":6},"end":{"line":102,"column":56}},"57":{"start":{"line":108,"column":0},"end":{"line":108,"column":40}}},"fnMap":{"0":{"name":"(anonymous_0)","decl":{"start":{"line":14,"column":31},"end":{"line":14,"column":32}},"loc":{"start":{"line":14,"column":93},"end":{"line":18,"column":1}},"line":14},"1":{"name":"(anonymous_1)","decl":{"start":{"line":22,"column":15},"end":{"line":22,"column":16}},"loc":{"start":{"line":22,"column":35},"end":{"line":56,"column":3}},"line":22},"2":{"name":"(anonymous_2)","decl":{"start":{"line":59,"column":18},"end":{"line":59,"column":19}},"loc":{"start":{"line":59,"column":38},"end":{"line":94,"column":3}},"line":59},"3":{"name":"(anonymous_3)","decl":{"start":{"line":96,"column":33},"end":{"line":96,"column":34}},"loc":{"start":{"line":96,"column":53},"end":{"line":104,"column":3}},"line":96}},"branchMap":{"0":{"loc":{"start":{"line":26,"column":6},"end":{"line":26,"column":61}},"type":"if","locations":[{"start":{"line":26,"column":6},"end":{"line":26,"column":61}},{"start":{},"end":{}}],"line":26},"1":{"loc":{"start":{"line":65,"column":6},"end":{"line":87,"column":7}},"type":"if","locations":[{"start":{"line":65,"column":6},"end":{"line":87,"column":7}},{"start":{},"end":{}}],"line":65},"2":{"loc":{"start":{"line":70,"column":8},"end":{"line":72,"column":9}},"type":"if","locations":[{"start":{"line":70,"column":8},"end":{"line":72,"column":9}},{"start":{},"end":{}}],"line":70},"3":{"loc":{"start":{"line":76,"column":8},"end":{"line":76,"column":81}},"type":"if","locations":[{"start":{"line":76,"column":8},"end":{"line":76,"column":81}},{"start":{},"end":{}}],"line":76},"4":{"loc":{"start":{"line":81,"column":0},"end":{"line":84,"column":1}},"type":"if","locations":[{"start":{"line":81,"column":0},"end":{"line":84,"column":1}},{"start":{},"end":{}}],"line":81}},"s":{"0":7,"1":7,"2":7,"3":7,"4":7,"5":7,"6":7,"7":7,"8":7,"9":7,"10":7,"11":1,"12":1,"13":1,"14":7,"15":3,"16":3,"17":3,"18":2,"19":1,"20":1,"21":1,"22":1,"23":1,"24":1,"25":1,"26":1,"27":1,"28":7,"29":3,"30":3,"31":3,"32":2,"33":1,"34":1,"35":1,"36":1,"37":0,"38":1,"39":1,"40":0,"41":1,"42":1,"43":1,"44":1,"45":1,"46":1,"47":1,"48":1,"49":1,"50":1,"51":7,"52":2,"53":2,"54":1,"55":1,"56":1,"57":7},"f":{"0":1,"1":3,"2":3,"3":2},"b":{"0":[1,1],"1":[1,1],"2":[0,1],"3":[0,1],"4":[1,0]},"_coverageSchema":"1a1c01bbd47fc00a2c39e90264f33305004495a9","hash":"32b89d06bb8ca9af3ffa2874bb19cfbf65bf37dc"}
,"/Users/krishnabhandari/development/vedaLearnBackend/controllers/teacherController.js": {"path":"/Users/krishnabhandari/development/vedaLearnBackend/controllers/teacherController.js","statementMap":{"0":{"start":{"line":1,"column":16},"end":{"line":1,"column":49}},"1":{"start":{"line":2,"column":15},"end":{"line":2,"column":32}},"2":{"start":{"line":3,"column":12},"end":{"line":3,"column":35}},"3":{"start":{"line":5,"column":0},"end":{"line":59,"column":2}},"4":{"start":{"line":6,"column":2},"end":{"line":58,"column":3}},"5":{"start":{"line":9,"column":48},"end":{"line":9,"column":56}},"6":{"start":{"line":12,"column":24},"end":{"line":12,"column":55}},"7":{"start":{"line":15,"column":4},"end":{"line":15,"column":44}},"8":{"start":{"line":18,"column":4},"end":{"line":23,"column":5}},"9":{"start":{"line":19,"column":6},"end":{"line":22,"column":9}},"10":{"start":{"line":26,"column":28},"end":{"line":26,"column":60}},"11":{"start":{"line":27,"column":4},"end":{"line":32,"column":5}},"12":{"start":{"line":28,"column":6},"end":{"line":31,"column":9}},"13":{"start":{"line":35,"column":27},"end":{"line":35,"column":58}},"14":{"start":{"line":38,"column":23},"end":{"line":45,"column":6}},"15":{"start":{"line":47,"column":25},"end":{"line":47,"column":48}},"16":{"start":{"line":49,"column":4},"end":{"line":53,"column":7}},"17":{"start":{"line":56,"column":4},"end":{"line":56,"column":44}},"18":{"start":{"line":57,"column":4},"end":{"line":57,"column":82}},"19":{"start":{"line":62,"column":0},"end":{"line":114,"column":2}},"20":{"start":{"line":63,"column":30},"end":{"line":63,"column":38}},"21":{"start":{"line":65,"column":2},"end":{"line":113,"column":3}},"22":{"start":{"line":66,"column":4},"end":{"line":71,"column":5}},"23":{"start":{"line":67,"column":6},"end":{"line":70,"column":9}},"24":{"start":{"line":73,"column":20},"end":{"line":73,"column":59}},"25":{"start":{"line":74,"column":4},"end":{"line":79,"column":5}},"26":{"start":{"line":75,"column":6},"end":{"line":78,"column":9}},"27":{"start":{"line":81,"column":25},"end":{"line":81,"column":73}},"28":{"start":{"line":82,"column":4},"end":{"line":87,"column":5}},"29":{"start":{"line":83,"column":6},"end":{"line":86,"column":9}},"30":{"start":{"line":89,"column":20},"end":{"line":95,"column":5}},"31":{"start":{"line":97,"column":18},"end":{"line":99,"column":6}},"32":{"start":{"line":101,"column":4},"end":{"line":106,"column":7}},"33":{"start":{"line":108,"column":4},"end":{"line":108,"column":37}},"34":{"start":{"line":109,"column":4},"end":{"line":112,"column":7}}},"fnMap":{"0":{"name":"(anonymous_0)","decl":{"start":{"line":5,"column":26},"end":{"line":5,"column":27}},"loc":{"start":{"line":5,"column":46},"end":{"line":59,"column":1}},"line":5},"1":{"name":"(anonymous_1)","decl":{"start":{"line":62,"column":23},"end":{"line":62,"column":24}},"loc":{"start":{"line":62,"column":43},"end":{"line":114,"column":1}},"line":62}},"branchMap":{"0":{"loc":{"start":{"line":12,"column":24},"end":{"line":12,"column":55}},"type":"cond-expr","locations":[{"start":{"line":12,"column":35},"end":{"line":12,"column":48}},{"start":{"line":12,"column":51},"end":{"line":12,"column":55}}],"line":12},"1":{"loc":{"start":{"line":18,"column":4},"end":{"line":23,"column":5}},"type":"if","locations":[{"start":{"line":18,"column":4},"end":{"line":23,"column":5}},{"start":{},"end":{}}],"line":18},"2":{"loc":{"start":{"line":18,"column":8},"end":{"line":18,"column":44}},"type":"binary-expr","locations":[{"start":{"line":18,"column":8},"end":{"line":18,"column":13}},{"start":{"line":18,"column":17},"end":{"line":18,"column":23}},{"start":{"line":18,"column":27},"end":{"line":18,"column":36}},{"start":{"line":18,"column":40},"end":{"line":18,"column":44}}],"line":18},"3":{"loc":{"start":{"line":27,"column":4},"end":{"line":32,"column":5}},"type":"if","locations":[{"start":{"line":27,"column":4},"end":{"line":32,"column":5}},{"start":{},"end":{}}],"line":27},"4":{"loc":{"start":{"line":66,"column":4},"end":{"line":71,"column":5}},"type":"if","locations":[{"start":{"line":66,"column":4},"end":{"line":71,"column":5}},{"start":{},"end":{}}],"line":66},"5":{"loc":{"start":{"line":66,"column":8},"end":{"line":66,"column":27}},"type":"binary-expr","locations":[{"start":{"line":66,"column":8},"end":{"line":66,"column":14}},{"start":{"line":66,"column":18},"end":{"line":66,"column":27}}],"line":66},"6":{"loc":{"start":{"line":74,"column":4},"end":{"line":79,"column":5}},"type":"if","locations":[{"start":{"line":74,"column":4},"end":{"line":79,"column":5}},{"start":{},"end":{}}],"line":74},"7":{"loc":{"start":{"line":82,"column":4},"end":{"line":87,"column":5}},"type":"if","locations":[{"start":{"line":82,"column":4},"end":{"line":87,"column":5}},{"start":{},"end":{}}],"line":82}},"s":{"0":6,"1":6,"2":6,"3":6,"4":3,"5":3,"6":3,"7":3,"8":3,"9":1,"10":2,"11":2,"12":1,"13":1,"14":1,"15":1,"16":1,"17":0,"18":0,"19":6,"20":5,"21":5,"22":5,"23":2,"24":3,"25":3,"26":1,"27":2,"28":2,"29":1,"30":1,"31":1,"32":1,"33":0,"34":0},"f":{"0":3,"1":5},"b":{"0":[0,3],"1":[1,2],"2":[3,3,3,2],"3":[1,1],"4":[2,3],"5":[5,4],"6":[1,2],"7":[1,1]},"_coverageSchema":"1a1c01bbd47fc00a2c39e90264f33305004495a9","hash":"c2d70989f65a8f16b5b48e4935304413d4530ffd"}
,"/Users/krishnabhandari/development/vedaLearnBackend/controllers/userController.js": {"path":"/Users/krishnabhandari/development/vedaLearnBackend/controllers/userController.js","statementMap":{"0":{"start":{"line":1,"column":13},"end":{"line":1,"column":38}},"1":{"start":{"line":2,"column":15},"end":{"line":2,"column":32}},"2":{"start":{"line":3,"column":12},"end":{"line":3,"column":35}},"3":{"start":{"line":5,"column":19},"end":{"line":5,"column":40}},"4":{"start":{"line":7,"column":23},"end":{"line":15,"column":1}},"5":{"start":{"line":8,"column":2},"end":{"line":14,"column":5}},"6":{"start":{"line":18,"column":21},"end":{"line":58,"column":1}},"7":{"start":{"line":19,"column":41},"end":{"line":19,"column":49}},"8":{"start":{"line":21,"column":2},"end":{"line":57,"column":3}},"9":{"start":{"line":22,"column":4},"end":{"line":26,"column":5}},"10":{"start":{"line":23,"column":6},"end":{"line":25,"column":70}},"11":{"start":{"line":30,"column":25},"end":{"line":30,"column":54}},"12":{"start":{"line":31,"column":4},"end":{"line":35,"column":5}},"13":{"start":{"line":32,"column":6},"end":{"line":34,"column":62}},"14":{"start":{"line":37,"column":27},"end":{"line":37,"column":58}},"15":{"start":{"line":39,"column":20},"end":{"line":44,"column":6}},"16":{"start":{"line":46,"column":4},"end":{"line":46,"column":25}},"17":{"start":{"line":48,"column":4},"end":{"line":50,"column":68}},"18":{"start":{"line":52,"column":4},"end":{"line":52,"column":44}},"19":{"start":{"line":53,"column":4},"end":{"line":56,"column":7}},"20":{"start":{"line":60,"column":18},"end":{"line":112,"column":1}},"21":{"start":{"line":61,"column":30},"end":{"line":61,"column":38}},"22":{"start":{"line":63,"column":2},"end":{"line":111,"column":3}},"23":{"start":{"line":64,"column":4},"end":{"line":69,"column":5}},"24":{"start":{"line":65,"column":6},"end":{"line":68,"column":9}},"25":{"start":{"line":71,"column":17},"end":{"line":71,"column":53}},"26":{"start":{"line":72,"column":4},"end":{"line":77,"column":5}},"27":{"start":{"line":73,"column":6},"end":{"line":76,"column":9}},"28":{"start":{"line":79,"column":22},"end":{"line":79,"column":67}},"29":{"start":{"line":80,"column":4},"end":{"line":85,"column":5}},"30":{"start":{"line":81,"column":6},"end":{"line":84,"column":9}},"31":{"start":{"line":87,"column":20},"end":{"line":93,"column":5}},"32":{"start":{"line":95,"column":18},"end":{"line":97,"column":6}},"33":{"start":{"line":99,"column":4},"end":{"line":104,"column":7}},"34":{"start":{"line":106,"column":4},"end":{"line":106,"column":37}},"35":{"start":{"line":107,"column":4},"end":{"line":110,"column":7}},"36":{"start":{"line":114,"column":22},"end":{"line":145,"column":1}},"37":{"start":{"line":115,"column":20},"end":{"line":115,"column":28}},"38":{"start":{"line":117,"column":2},"end":{"line":144,"column":3}},"39":{"start":{"line":118,"column":17},"end":{"line":118,"column":46}},"40":{"start":{"line":119,"column":4},"end":{"line":119,"column":74}},"41":{"start":{"line":119,"column":15},"end":{"line":119,"column":74}},"42":{"start":{"line":121,"column":18},"end":{"line":123,"column":6}},"43":{"start":{"line":125,"column":21},"end":{"line":125,"column":72}},"44":{"start":{"line":126,"column":24},"end":{"line":126,"column":40}},"45":{"start":{"line":128,"column":24},"end":{"line":137,"column":5}},"46":{"start":{"line":139,"column":4},"end":{"line":139,"column":44}},"47":{"start":{"line":140,"column":4},"end":{"line":140,"column":80}},"48":{"start":{"line":142,"column":4},"end":{"line":142,"column":50}},"49":{"start":{"line":143,"column":4},"end":{"line":143,"column":77}},"50":{"start":{"line":147,"column":22},"end":{"line":165,"column":1}},"51":{"start":{"line":148,"column":20},"end":{"line":148,"column":30}},"52":{"start":{"line":149,"column":23},"end":{"line":149,"column":31}},"53":{"start":{"line":150,"column":2},"end":{"line":150,"column":32}},"54":{"start":{"line":152,"column":2},"end":{"line":164,"column":3}},"55":{"start":{"line":153,"column":20},"end":{"line":153,"column":61}},"56":{"start":{"line":154,"column":19},"end":{"line":154,"column":50}},"57":{"start":{"line":155,"column":4},"end":{"line":155,"column":67}},"58":{"start":{"line":157,"column":4},"end":{"line":157,"column":80}},"59":{"start":{"line":159,"column":4},"end":{"line":159,"column":39}},"60":{"start":{"line":160,"column":4},"end":{"line":163,"column":7}},"61":{"start":{"line":167,"column":0},"end":{"line":167,"column":73}}},"fnMap":{"0":{"name":"(anonymous_0)","decl":{"start":{"line":7,"column":23},"end":{"line":7,"column":24}},"loc":{"start":{"line":7,"column":29},"end":{"line":15,"column":1}},"line":7},"1":{"name":"(anonymous_1)","decl":{"start":{"line":18,"column":21},"end":{"line":18,"column":22}},"loc":{"start":{"line":18,"column":41},"end":{"line":58,"column":1}},"line":18},"2":{"name":"(anonymous_2)","decl":{"start":{"line":60,"column":18},"end":{"line":60,"column":19}},"loc":{"start":{"line":60,"column":38},"end":{"line":112,"column":1}},"line":60},"3":{"name":"(anonymous_3)","decl":{"start":{"line":114,"column":22},"end":{"line":114,"column":23}},"loc":{"start":{"line":114,"column":42},"end":{"line":145,"column":1}},"line":114},"4":{"name":"(anonymous_4)","decl":{"start":{"line":147,"column":22},"end":{"line":147,"column":23}},"loc":{"start":{"line":147,"column":42},"end":{"line":165,"column":1}},"line":147}},"branchMap":{"0":{"loc":{"start":{"line":22,"column":4},"end":{"line":26,"column":5}},"type":"if","locations":[{"start":{"line":22,"column":4},"end":{"line":26,"column":5}},{"start":{},"end":{}}],"line":22},"1":{"loc":{"start":{"line":22,"column":8},"end":{"line":22,"column":44}},"type":"binary-expr","locations":[{"start":{"line":22,"column":8},"end":{"line":22,"column":13}},{"start":{"line":22,"column":17},"end":{"line":22,"column":23}},{"start":{"line":22,"column":27},"end":{"line":22,"column":36}},{"start":{"line":22,"column":40},"end":{"line":22,"column":44}}],"line":22},"2":{"loc":{"start":{"line":31,"column":4},"end":{"line":35,"column":5}},"type":"if","locations":[{"start":{"line":31,"column":4},"end":{"line":35,"column":5}},{"start":{},"end":{}}],"line":31},"3":{"loc":{"start":{"line":64,"column":4},"end":{"line":69,"column":5}},"type":"if","locations":[{"start":{"line":64,"column":4},"end":{"line":69,"column":5}},{"start":{},"end":{}}],"line":64},"4":{"loc":{"start":{"line":64,"column":8},"end":{"line":64,"column":27}},"type":"binary-expr","locations":[{"start":{"line":64,"column":8},"end":{"line":64,"column":14}},{"start":{"line":64,"column":18},"end":{"line":64,"column":27}}],"line":64},"5":{"loc":{"start":{"line":72,"column":4},"end":{"line":77,"column":5}},"type":"if","locations":[{"start":{"line":72,"column":4},"end":{"line":77,"column":5}},{"start":{},"end":{}}],"line":72},"6":{"loc":{"start":{"line":80,"column":4},"end":{"line":85,"column":5}},"type":"if","locations":[{"start":{"line":80,"column":4},"end":{"line":85,"column":5}},{"start":{},"end":{}}],"line":80},"7":{"loc":{"start":{"line":119,"column":4},"end":{"line":119,"column":74}},"type":"if","locations":[{"start":{"line":119,"column":4},"end":{"line":119,"column":74}},{"start":{},"end":{}}],"line":119}},"s":{"0":6,"1":6,"2":6,"3":6,"4":6,"5":0,"6":6,"7":2,"8":2,"9":2,"10":0,"11":2,"12":2,"13":1,"14":1,"15":1,"16":1,"17":1,"18":0,"19":0,"20":6,"21":2,"22":2,"23":2,"24":0,"25":2,"26":2,"27":0,"28":2,"29":2,"30":1,"31":1,"32":1,"33":1,"34":0,"35":0,"36":6,"37":0,"38":0,"39":0,"40":0,"41":0,"42":0,"43":0,"44":0,"45":0,"46":0,"47":0,"48":0,"49":0,"50":6,"51":0,"52":0,"53":0,"54":0,"55":0,"56":0,"57":0,"58":0,"59":0,"60":0,"61":6},"f":{"0":0,"1":2,"2":2,"3":0,"4":0},"b":{"0":[0,2],"1":[2,2,2,2],"2":[1,1],"3":[0,2],"4":[2,2],"5":[0,2],"6":[1,1],"7":[0,0]},"_coverageSchema":"1a1c01bbd47fc00a2c39e90264f33305004495a9","hash":"bb64da31be12476636ab530000a0ed054263883c"}
,"/Users/krishnabhandari/development/vedaLearnBackend/controllers/userProgressManagement.js": {"path":"/Users/krishnabhandari/development/vedaLearnBackend/controllers/userProgressManagement.js","statementMap":{"0":{"start":{"line":1,"column":13},"end":{"line":1,"column":38}},"1":{"start":{"line":2,"column":15},"end":{"line":2,"column":32}},"2":{"start":{"line":3,"column":15},"end":{"line":3,"column":47}},"3":{"start":{"line":4,"column":21},"end":{"line":4,"column":55}},"4":{"start":{"line":5,"column":17},"end":{"line":5,"column":36}},"5":{"start":{"line":7,"column":15},"end":{"line":7,"column":47}},"6":{"start":{"line":9,"column":0},"end":{"line":41,"column":2}},"7":{"start":{"line":10,"column":2},"end":{"line":40,"column":3}},"8":{"start":{"line":11,"column":19},"end":{"line":11,"column":32}},"9":{"start":{"line":12,"column":25},"end":{"line":12,"column":33}},"10":{"start":{"line":14,"column":17},"end":{"line":14,"column":44}},"11":{"start":{"line":15,"column":4},"end":{"line":15,"column":90}},"12":{"start":{"line":15,"column":15},"end":{"line":15,"column":90}},"13":{"start":{"line":17,"column":21},"end":{"line":17,"column":50}},"14":{"start":{"line":18,"column":24},"end":{"line":20,"column":1}},"15":{"start":{"line":19,"column":9},"end":{"line":19,"column":43}},"16":{"start":{"line":22,"column":4},"end":{"line":25,"column":5}},"17":{"start":{"line":24,"column":6},"end":{"line":24,"column":82}},"18":{"start":{"line":27,"column":4},"end":{"line":32,"column":7}},"19":{"start":{"line":34,"column":4},"end":{"line":34,"column":22}},"20":{"start":{"line":36,"column":4},"end":{"line":36,"column":92}},"21":{"start":{"line":38,"column":4},"end":{"line":38,"column":23}},"22":{"start":{"line":39,"column":4},"end":{"line":39,"column":77}},"23":{"start":{"line":44,"column":0},"end":{"line":95,"column":2}},"24":{"start":{"line":45,"column":2},"end":{"line":94,"column":3}},"25":{"start":{"line":46,"column":19},"end":{"line":46,"column":32}},"26":{"start":{"line":47,"column":35},"end":{"line":47,"column":43}},"27":{"start":{"line":50,"column":17},"end":{"line":54,"column":5}},"28":{"start":{"line":56,"column":4},"end":{"line":58,"column":5}},"29":{"start":{"line":57,"column":6},"end":{"line":57,"column":91}},"30":{"start":{"line":61,"column":19},"end":{"line":61,"column":67}},"31":{"start":{"line":63,"column":4},"end":{"line":65,"column":5}},"32":{"start":{"line":64,"column":6},"end":{"line":64,"column":83}},"33":{"start":{"line":67,"column":25},"end":{"line":67,"column":63}},"34":{"start":{"line":67,"column":49},"end":{"line":67,"column":62}},"35":{"start":{"line":70,"column":27},"end":{"line":70,"column":93}},"36":{"start":{"line":70,"column":59},"end":{"line":70,"column":92}},"37":{"start":{"line":72,"column":31},"end":{"line":72,"column":96}},"38":{"start":{"line":72,"column":82},"end":{"line":72,"column":95}},"39":{"start":{"line":75,"column":25},"end":{"line":75,"column":82}},"40":{"start":{"line":75,"column":50},"end":{"line":75,"column":81}},"41":{"start":{"line":77,"column":4},"end":{"line":83,"column":5}},"42":{"start":{"line":79,"column":6},"end":{"line":82,"column":8}},"43":{"start":{"line":85,"column":4},"end":{"line":90,"column":7}},"44":{"start":{"line":92,"column":4},"end":{"line":92,"column":23}},"45":{"start":{"line":93,"column":4},"end":{"line":93,"column":77}},"46":{"start":{"line":100,"column":17},"end":{"line":100,"column":61}},"47":{"start":{"line":100,"column":23},"end":{"line":100,"column":61}},"48":{"start":{"line":103,"column":31},"end":{"line":129,"column":1}},"49":{"start":{"line":104,"column":2},"end":{"line":128,"column":3}},"50":{"start":{"line":108,"column":6},"end":{"line":108,"column":93}},"51":{"start":{"line":110,"column":6},"end":{"line":110,"column":51}},"52":{"start":{"line":112,"column":6},"end":{"line":112,"column":87}},"53":{"start":{"line":114,"column":6},"end":{"line":114,"column":92}},"54":{"start":{"line":114,"column":79},"end":{"line":114,"column":92}},"55":{"start":{"line":115,"column":24},"end":{"line":115,"column":77}},"56":{"start":{"line":115,"column":33},"end":{"line":115,"column":77}},"57":{"start":{"line":115,"column":51},"end":{"line":115,"column":76}},"58":{"start":{"line":116,"column":6},"end":{"line":116,"column":104}},"59":{"start":{"line":118,"column":6},"end":{"line":118,"column":85}},"60":{"start":{"line":118,"column":72},"end":{"line":118,"column":85}},"61":{"start":{"line":119,"column":24},"end":{"line":122,"column":55}},"62":{"start":{"line":120,"column":8},"end":{"line":122,"column":55}},"63":{"start":{"line":121,"column":23},"end":{"line":121,"column":97}},"64":{"start":{"line":122,"column":26},"end":{"line":122,"column":54}},"65":{"start":{"line":123,"column":25},"end":{"line":123,"column":46}},"66":{"start":{"line":124,"column":28},"end":{"line":124,"column":53}},"67":{"start":{"line":125,"column":6},"end":{"line":125,"column":74}},"68":{"start":{"line":127,"column":6},"end":{"line":127,"column":19}},"69":{"start":{"line":131,"column":0},"end":{"line":220,"column":2}},"70":{"start":{"line":132,"column":2},"end":{"line":219,"column":3}},"71":{"start":{"line":133,"column":67},"end":{"line":133,"column":75}},"72":{"start":{"line":136,"column":4},"end":{"line":143,"column":5}},"73":{"start":{"line":142,"column":6},"end":{"line":142,"column":77}},"74":{"start":{"line":146,"column":21},"end":{"line":146,"column":56}},"75":{"start":{"line":147,"column":4},"end":{"line":147,"column":98}},"76":{"start":{"line":147,"column":19},"end":{"line":147,"column":98}},"77":{"start":{"line":150,"column":17},"end":{"line":150,"column":44}},"78":{"start":{"line":151,"column":4},"end":{"line":151,"column":90}},"79":{"start":{"line":151,"column":15},"end":{"line":151,"column":90}},"80":{"start":{"line":154,"column":21},"end":{"line":154,"column":102}},"81":{"start":{"line":154,"column":55},"end":{"line":154,"column":101}},"82":{"start":{"line":155,"column":4},"end":{"line":155,"column":99}},"83":{"start":{"line":155,"column":19},"end":{"line":155,"column":99}},"84":{"start":{"line":158,"column":22},"end":{"line":158,"column":66}},"85":{"start":{"line":161,"column":28},"end":{"line":161,"column":105}},"86":{"start":{"line":161,"column":67},"end":{"line":161,"column":104}},"87":{"start":{"line":162,"column":4},"end":{"line":164,"column":5}},"88":{"start":{"line":163,"column":6},"end":{"line":163,"column":86}},"89":{"start":{"line":167,"column":4},"end":{"line":171,"column":5}},"90":{"start":{"line":168,"column":6},"end":{"line":168,"column":31}},"91":{"start":{"line":170,"column":6},"end":{"line":170,"column":73}},"92":{"start":{"line":174,"column":3},"end":{"line":188,"column":1}},"93":{"start":{"line":175,"column":2},"end":{"line":175,"column":43}},"94":{"start":{"line":176,"column":2},"end":{"line":176,"column":28}},"95":{"start":{"line":179,"column":17},"end":{"line":179,"column":65}},"96":{"start":{"line":180,"column":23},"end":{"line":180,"column":61}},"97":{"start":{"line":180,"column":47},"end":{"line":180,"column":60}},"98":{"start":{"line":181,"column":29},"end":{"line":181,"column":79}},"99":{"start":{"line":181,"column":65},"end":{"line":181,"column":78}},"100":{"start":{"line":183,"column":23},"end":{"line":183,"column":80}},"101":{"start":{"line":183,"column":48},"end":{"line":183,"column":79}},"102":{"start":{"line":185,"column":2},"end":{"line":187,"column":3}},"103":{"start":{"line":186,"column":4},"end":{"line":186,"column":30}},"104":{"start":{"line":189,"column":21},"end":{"line":189,"column":89}},"105":{"start":{"line":189,"column":60},"end":{"line":189,"column":81}},"106":{"start":{"line":190,"column":27},"end":{"line":190,"column":96}},"107":{"start":{"line":190,"column":66},"end":{"line":190,"column":88}},"108":{"start":{"line":192,"column":4},"end":{"line":192,"column":50}},"109":{"start":{"line":193,"column":4},"end":{"line":193,"column":54}},"110":{"start":{"line":196,"column":18},"end":{"line":196,"column":28}},"111":{"start":{"line":197,"column":23},"end":{"line":197,"column":97}},"112":{"start":{"line":199,"column":4},"end":{"line":203,"column":5}},"113":{"start":{"line":200,"column":6},"end":{"line":200,"column":38}},"114":{"start":{"line":201,"column":6},"end":{"line":201,"column":42}},"115":{"start":{"line":202,"column":6},"end":{"line":202,"column":47}},"116":{"start":{"line":205,"column":4},"end":{"line":205,"column":22}},"117":{"start":{"line":207,"column":4},"end":{"line":215,"column":7}},"118":{"start":{"line":217,"column":4},"end":{"line":217,"column":51}},"119":{"start":{"line":218,"column":4},"end":{"line":218,"column":70}},"120":{"start":{"line":222,"column":0},"end":{"line":240,"column":2}},"121":{"start":{"line":223,"column":2},"end":{"line":239,"column":3}},"122":{"start":{"line":224,"column":17},"end":{"line":227,"column":60}},"123":{"start":{"line":229,"column":4},"end":{"line":229,"column":90}},"124":{"start":{"line":229,"column":15},"end":{"line":229,"column":90}},"125":{"start":{"line":231,"column":4},"end":{"line":235,"column":7}},"126":{"start":{"line":237,"column":4},"end":{"line":237,"column":56}},"127":{"start":{"line":238,"column":4},"end":{"line":238,"column":70}},"128":{"start":{"line":244,"column":0},"end":{"line":303,"column":2}},"129":{"start":{"line":245,"column":2},"end":{"line":302,"column":3}},"130":{"start":{"line":246,"column":21},"end":{"line":246,"column":40}},"131":{"start":{"line":249,"column":4},"end":{"line":251,"column":5}},"132":{"start":{"line":250,"column":6},"end":{"line":250,"column":84}},"133":{"start":{"line":254,"column":26},"end":{"line":254,"column":91}},"134":{"start":{"line":257,"column":26},"end":{"line":260,"column":5}},"135":{"start":{"line":263,"column":25},"end":{"line":263,"column":74}},"136":{"start":{"line":266,"column":32},"end":{"line":266,"column":33}},"137":{"start":{"line":267,"column":36},"end":{"line":267,"column":37}},"138":{"start":{"line":270,"column":4},"end":{"line":280,"column":5}},"139":{"start":{"line":271,"column":17},"end":{"line":273,"column":7}},"140":{"start":{"line":272,"column":15},"end":{"line":272,"column":47}},"141":{"start":{"line":274,"column":24},"end":{"line":274,"column":57}},"142":{"start":{"line":275,"column":6},"end":{"line":275,"column":41}},"143":{"start":{"line":277,"column":6},"end":{"line":279,"column":7}},"144":{"start":{"line":278,"column":8},"end":{"line":278,"column":39}},"145":{"start":{"line":281,"column":42},"end":{"line":281,"column":116}},"146":{"start":{"line":284,"column":27},"end":{"line":286,"column":9}},"147":{"start":{"line":288,"column":4},"end":{"line":298,"column":7}},"148":{"start":{"line":300,"column":4},"end":{"line":300,"column":54}},"149":{"start":{"line":301,"column":4},"end":{"line":301,"column":70}},"150":{"start":{"line":306,"column":0},"end":{"line":344,"column":2}},"151":{"start":{"line":307,"column":2},"end":{"line":341,"column":3}},"152":{"start":{"line":308,"column":18},"end":{"line":335,"column":6}},"153":{"start":{"line":337,"column":4},"end":{"line":337,"column":57}},"154":{"start":{"line":339,"column":4},"end":{"line":339,"column":65}},"155":{"start":{"line":340,"column":4},"end":{"line":340,"column":70}},"156":{"start":{"line":347,"column":0},"end":{"line":381,"column":2}},"157":{"start":{"line":348,"column":2},"end":{"line":380,"column":3}},"158":{"start":{"line":349,"column":23},"end":{"line":349,"column":33}},"159":{"start":{"line":353,"column":17},"end":{"line":355,"column":41}},"160":{"start":{"line":358,"column":4},"end":{"line":360,"column":5}},"161":{"start":{"line":359,"column":6},"end":{"line":359,"column":65}},"162":{"start":{"line":363,"column":4},"end":{"line":367,"column":5}},"163":{"start":{"line":364,"column":6},"end":{"line":366,"column":87}},"164":{"start":{"line":369,"column":28},"end":{"line":369,"column":93}},"165":{"start":{"line":369,"column":71},"end":{"line":369,"column":92}},"166":{"start":{"line":373,"column":4},"end":{"line":376,"column":7}},"167":{"start":{"line":378,"column":4},"end":{"line":378,"column":61}},"168":{"start":{"line":379,"column":4},"end":{"line":379,"column":76}}},"fnMap":{"0":{"name":"(anonymous_0)","decl":{"start":{"line":9,"column":23},"end":{"line":9,"column":24}},"loc":{"start":{"line":9,"column":48},"end":{"line":41,"column":1}},"line":9},"1":{"name":"(anonymous_1)","decl":{"start":{"line":19,"column":2},"end":{"line":19,"column":3}},"loc":{"start":{"line":19,"column":9},"end":{"line":19,"column":43}},"line":19},"2":{"name":"(anonymous_2)","decl":{"start":{"line":44,"column":25},"end":{"line":44,"column":26}},"loc":{"start":{"line":44,"column":45},"end":{"line":95,"column":1}},"line":44},"3":{"name":"(anonymous_3)","decl":{"start":{"line":67,"column":43},"end":{"line":67,"column":44}},"loc":{"start":{"line":67,"column":49},"end":{"line":67,"column":62}},"line":67},"4":{"name":"(anonymous_4)","decl":{"start":{"line":70,"column":53},"end":{"line":70,"column":54}},"loc":{"start":{"line":70,"column":59},"end":{"line":70,"column":92}},"line":70},"5":{"name":"(anonymous_5)","decl":{"start":{"line":72,"column":76},"end":{"line":72,"column":77}},"loc":{"start":{"line":72,"column":82},"end":{"line":72,"column":95}},"line":72},"6":{"name":"(anonymous_6)","decl":{"start":{"line":75,"column":44},"end":{"line":75,"column":45}},"loc":{"start":{"line":75,"column":50},"end":{"line":75,"column":81}},"line":75},"7":{"name":"(anonymous_7)","decl":{"start":{"line":100,"column":17},"end":{"line":100,"column":18}},"loc":{"start":{"line":100,"column":23},"end":{"line":100,"column":61}},"line":100},"8":{"name":"(anonymous_8)","decl":{"start":{"line":103,"column":31},"end":{"line":103,"column":32}},"loc":{"start":{"line":103,"column":57},"end":{"line":129,"column":1}},"line":103},"9":{"name":"(anonymous_9)","decl":{"start":{"line":115,"column":24},"end":{"line":115,"column":25}},"loc":{"start":{"line":115,"column":33},"end":{"line":115,"column":77}},"line":115},"10":{"name":"(anonymous_10)","decl":{"start":{"line":115,"column":41},"end":{"line":115,"column":42}},"loc":{"start":{"line":115,"column":51},"end":{"line":115,"column":76}},"line":115},"11":{"name":"(anonymous_11)","decl":{"start":{"line":119,"column":24},"end":{"line":119,"column":25}},"loc":{"start":{"line":120,"column":8},"end":{"line":122,"column":55}},"line":120},"12":{"name":"(anonymous_12)","decl":{"start":{"line":121,"column":15},"end":{"line":121,"column":16}},"loc":{"start":{"line":121,"column":23},"end":{"line":121,"column":97}},"line":121},"13":{"name":"(anonymous_13)","decl":{"start":{"line":122,"column":16},"end":{"line":122,"column":17}},"loc":{"start":{"line":122,"column":26},"end":{"line":122,"column":54}},"line":122},"14":{"name":"(anonymous_14)","decl":{"start":{"line":131,"column":25},"end":{"line":131,"column":26}},"loc":{"start":{"line":131,"column":45},"end":{"line":220,"column":1}},"line":131},"15":{"name":"(anonymous_15)","decl":{"start":{"line":154,"column":47},"end":{"line":154,"column":48}},"loc":{"start":{"line":154,"column":55},"end":{"line":154,"column":101}},"line":154},"16":{"name":"(anonymous_16)","decl":{"start":{"line":161,"column":59},"end":{"line":161,"column":60}},"loc":{"start":{"line":161,"column":67},"end":{"line":161,"column":104}},"line":161},"17":{"name":"(anonymous_17)","decl":{"start":{"line":180,"column":41},"end":{"line":180,"column":42}},"loc":{"start":{"line":180,"column":47},"end":{"line":180,"column":60}},"line":180},"18":{"name":"(anonymous_18)","decl":{"start":{"line":181,"column":59},"end":{"line":181,"column":60}},"loc":{"start":{"line":181,"column":65},"end":{"line":181,"column":78}},"line":181},"19":{"name":"(anonymous_19)","decl":{"start":{"line":183,"column":42},"end":{"line":183,"column":43}},"loc":{"start":{"line":183,"column":48},"end":{"line":183,"column":79}},"line":183},"20":{"name":"(anonymous_20)","decl":{"start":{"line":189,"column":54},"end":{"line":189,"column":55}},"loc":{"start":{"line":189,"column":60},"end":{"line":189,"column":81}},"line":189},"21":{"name":"(anonymous_21)","decl":{"start":{"line":190,"column":60},"end":{"line":190,"column":61}},"loc":{"start":{"line":190,"column":66},"end":{"line":190,"column":88}},"line":190},"22":{"name":"(anonymous_22)","decl":{"start":{"line":222,"column":26},"end":{"line":222,"column":27}},"loc":{"start":{"line":222,"column":46},"end":{"line":240,"column":1}},"line":222},"23":{"name":"(anonymous_23)","decl":{"start":{"line":244,"column":25},"end":{"line":244,"column":26}},"loc":{"start":{"line":244,"column":45},"end":{"line":303,"column":1}},"line":244},"24":{"name":"(anonymous_24)","decl":{"start":{"line":272,"column":8},"end":{"line":272,"column":9}},"loc":{"start":{"line":272,"column":15},"end":{"line":272,"column":47}},"line":272},"25":{"name":"(anonymous_25)","decl":{"start":{"line":306,"column":38},"end":{"line":306,"column":39}},"loc":{"start":{"line":306,"column":58},"end":{"line":344,"column":1}},"line":306},"26":{"name":"(anonymous_26)","decl":{"start":{"line":347,"column":29},"end":{"line":347,"column":30}},"loc":{"start":{"line":347,"column":49},"end":{"line":381,"column":1}},"line":347},"27":{"name":"(anonymous_27)","decl":{"start":{"line":369,"column":53},"end":{"line":369,"column":54}},"loc":{"start":{"line":369,"column":71},"end":{"line":369,"column":92}},"line":369}},"branchMap":{"0":{"loc":{"start":{"line":15,"column":4},"end":{"line":15,"column":90}},"type":"if","locations":[{"start":{"line":15,"column":4},"end":{"line":15,"column":90}},{"start":{},"end":{}}],"line":15},"1":{"loc":{"start":{"line":22,"column":4},"end":{"line":25,"column":5}},"type":"if","locations":[{"start":{"line":22,"column":4},"end":{"line":25,"column":5}},{"start":{},"end":{}}],"line":22},"2":{"loc":{"start":{"line":56,"column":4},"end":{"line":58,"column":5}},"type":"if","locations":[{"start":{"line":56,"column":4},"end":{"line":58,"column":5}},{"start":{},"end":{}}],"line":56},"3":{"loc":{"start":{"line":63,"column":4},"end":{"line":65,"column":5}},"type":"if","locations":[{"start":{"line":63,"column":4},"end":{"line":65,"column":5}},{"start":{},"end":{}}],"line":63},"4":{"loc":{"start":{"line":72,"column":32},"end":{"line":72,"column":70}},"type":"binary-expr","locations":[{"start":{"line":72,"column":32},"end":{"line":72,"column":64}},{"start":{"line":72,"column":68},"end":{"line":72,"column":70}}],"line":72},"5":{"loc":{"start":{"line":77,"column":4},"end":{"line":83,"column":5}},"type":"if","locations":[{"start":{"line":77,"column":4},"end":{"line":83,"column":5}},{"start":{},"end":{}}],"line":77},"6":{"loc":{"start":{"line":77,"column":8},"end":{"line":77,"column":49}},"type":"binary-expr","locations":[{"start":{"line":77,"column":8},"end":{"line":77,"column":20}},{"start":{"line":77,"column":24},"end":{"line":77,"column":49}}],"line":77},"7":{"loc":{"start":{"line":87,"column":15},"end":{"line":89,"column":39}},"type":"cond-expr","locations":[{"start":{"line":88,"column":10},"end":{"line":88,"column":72}},{"start":{"line":89,"column":10},"end":{"line":89,"column":39}}],"line":87},"8":{"loc":{"start":{"line":104,"column":2},"end":{"line":128,"column":3}},"type":"switch","locations":[{"start":{"line":105,"column":4},"end":{"line":105,"column":23}},{"start":{"line":106,"column":4},"end":{"line":106,"column":21}},{"start":{"line":107,"column":4},"end":{"line":108,"column":93}},{"start":{"line":109,"column":4},"end":{"line":110,"column":51}},{"start":{"line":111,"column":4},"end":{"line":112,"column":87}},{"start":{"line":113,"column":4},"end":{"line":116,"column":104}},{"start":{"line":117,"column":4},"end":{"line":125,"column":74}},{"start":{"line":126,"column":4},"end":{"line":127,"column":19}}],"line":104},"9":{"loc":{"start":{"line":112,"column":41},"end":{"line":112,"column":85}},"type":"binary-expr","locations":[{"start":{"line":112,"column":41},"end":{"line":112,"column":62}},{"start":{"line":112,"column":66},"end":{"line":112,"column":85}}],"line":112},"10":{"loc":{"start":{"line":114,"column":6},"end":{"line":114,"column":92}},"type":"if","locations":[{"start":{"line":114,"column":6},"end":{"line":114,"column":92}},{"start":{},"end":{}}],"line":114},"11":{"loc":{"start":{"line":114,"column":10},"end":{"line":114,"column":77}},"type":"binary-expr","locations":[{"start":{"line":114,"column":10},"end":{"line":114,"column":36}},{"start":{"line":114,"column":40},"end":{"line":114,"column":77}}],"line":114},"12":{"loc":{"start":{"line":118,"column":6},"end":{"line":118,"column":85}},"type":"if","locations":[{"start":{"line":118,"column":6},"end":{"line":118,"column":85}},{"start":{},"end":{}}],"line":118},"13":{"loc":{"start":{"line":118,"column":10},"end":{"line":118,"column":70}},"type":"binary-expr","locations":[{"start":{"line":118,"column":10},"end":{"line":118,"column":36}},{"start":{"line":118,"column":40},"end":{"line":118,"column":70}}],"line":118},"14":{"loc":{"start":{"line":136,"column":4},"end":{"line":143,"column":5}},"type":"if","locations":[{"start":{"line":136,"column":4},"end":{"line":143,"column":5}},{"start":{},"end":{}}],"line":136},"15":{"loc":{"start":{"line":137,"column":6},"end":{"line":140,"column":50}},"type":"binary-expr","locations":[{"start":{"line":137,"column":6},"end":{"line":137,"column":46}},{"start":{"line":138,"column":6},"end":{"line":138,"column":48}},{"start":{"line":139,"column":6},"end":{"line":139,"column":48}},{"start":{"line":140,"column":6},"end":{"line":140,"column":50}}],"line":137},"16":{"loc":{"start":{"line":147,"column":4},"end":{"line":147,"column":98}},"type":"if","locations":[{"start":{"line":147,"column":4},"end":{"line":147,"column":98}},{"start":{},"end":{}}],"line":147},"17":{"loc":{"start":{"line":151,"column":4},"end":{"line":151,"column":90}},"type":"if","locations":[{"start":{"line":151,"column":4},"end":{"line":151,"column":90}},{"start":{},"end":{}}],"line":151},"18":{"loc":{"start":{"line":154,"column":55},"end":{"line":154,"column":101}},"type":"binary-expr","locations":[{"start":{"line":154,"column":55},"end":{"line":154,"column":64}},{"start":{"line":154,"column":68},"end":{"line":154,"column":101}}],"line":154},"19":{"loc":{"start":{"line":155,"column":4},"end":{"line":155,"column":99}},"type":"if","locations":[{"start":{"line":155,"column":4},"end":{"line":155,"column":99}},{"start":{},"end":{}}],"line":155},"20":{"loc":{"start":{"line":162,"column":4},"end":{"line":164,"column":5}},"type":"if","locations":[{"start":{"line":162,"column":4},"end":{"line":164,"column":5}},{"start":{},"end":{}}],"line":162},"21":{"loc":{"start":{"line":167,"column":4},"end":{"line":171,"column":5}},"type":"if","locations":[{"start":{"line":167,"column":4},"end":{"line":171,"column":5}},{"start":{"line":169,"column":11},"end":{"line":171,"column":5}}],"line":167},"22":{"loc":{"start":{"line":174,"column":3},"end":{"line":188,"column":1}},"type":"if","locations":[{"start":{"line":174,"column":3},"end":{"line":188,"column":1}},{"start":{},"end":{}}],"line":174},"23":{"loc":{"start":{"line":185,"column":2},"end":{"line":187,"column":3}},"type":"if","locations":[{"start":{"line":185,"column":2},"end":{"line":187,"column":3}},{"start":{},"end":{}}],"line":185},"24":{"loc":{"start":{"line":197,"column":23},"end":{"line":197,"column":97}},"type":"cond-expr","locations":[{"start":{"line":197,"column":53},"end":{"line":197,"column":90}},{"start":{"line":197,"column":93},"end":{"line":197,"column":97}}],"line":197},"25":{"loc":{"start":{"line":199,"column":4},"end":{"line":203,"column":5}},"type":"if","locations":[{"start":{"line":199,"column":4},"end":{"line":203,"column":5}},{"start":{},"end":{}}],"line":199},"26":{"loc":{"start":{"line":229,"column":4},"end":{"line":229,"column":90}},"type":"if","locations":[{"start":{"line":229,"column":4},"end":{"line":229,"column":90}},{"start":{},"end":{}}],"line":229},"27":{"loc":{"start":{"line":249,"column":4},"end":{"line":251,"column":5}},"type":"if","locations":[{"start":{"line":249,"column":4},"end":{"line":251,"column":5}},{"start":{},"end":{}}],"line":249},"28":{"loc":{"start":{"line":274,"column":24},"end":{"line":274,"column":57}},"type":"binary-expr","locations":[{"start":{"line":274,"column":24},"end":{"line":274,"column":52}},{"start":{"line":274,"column":56},"end":{"line":274,"column":57}}],"line":274},"29":{"loc":{"start":{"line":277,"column":6},"end":{"line":279,"column":7}},"type":"if","locations":[{"start":{"line":277,"column":6},"end":{"line":279,"column":7}},{"start":{},"end":{}}],"line":277},"30":{"loc":{"start":{"line":277,"column":10},"end":{"line":277,"column":56}},"type":"binary-expr","locations":[{"start":{"line":277,"column":10},"end":{"line":277,"column":36}},{"start":{"line":277,"column":40},"end":{"line":277,"column":56}}],"line":277},"31":{"loc":{"start":{"line":281,"column":42},"end":{"line":281,"column":116}},"type":"cond-expr","locations":[{"start":{"line":281,"column":62},"end":{"line":281,"column":112}},{"start":{"line":281,"column":115},"end":{"line":281,"column":116}}],"line":281},"32":{"loc":{"start":{"line":284,"column":27},"end":{"line":286,"column":9}},"type":"cond-expr","locations":[{"start":{"line":285,"column":8},"end":{"line":285,"column":73}},{"start":{"line":286,"column":8},"end":{"line":286,"column":9}}],"line":284},"33":{"loc":{"start":{"line":358,"column":4},"end":{"line":360,"column":5}},"type":"if","locations":[{"start":{"line":358,"column":4},"end":{"line":360,"column":5}},{"start":{},"end":{}}],"line":358},"34":{"loc":{"start":{"line":363,"column":4},"end":{"line":367,"column":5}},"type":"if","locations":[{"start":{"line":363,"column":4},"end":{"line":367,"column":5}},{"start":{},"end":{}}],"line":363},"35":{"loc":{"start":{"line":363,"column":8},"end":{"line":363,"column":66}},"type":"binary-expr","locations":[{"start":{"line":363,"column":8},"end":{"line":363,"column":29}},{"start":{"line":363,"column":33},"end":{"line":363,"column":66}}],"line":363}},"s":{"0":6,"1":6,"2":6,"3":6,"4":6,"5":6,"6":6,"7":1,"8":1,"9":1,"10":1,"11":1,"12":0,"13":1,"14":1,"15":0,"16":1,"17":0,"18":1,"19":1,"20":1,"21":0,"22":0,"23":6,"24":1,"25":1,"26":1,"27":1,"28":1,"29":0,"30":1,"31":1,"32":0,"33":1,"34":0,"35":1,"36":1,"37":1,"38":1,"39":1,"40":0,"41":1,"42":1,"43":1,"44":0,"45":0,"46":6,"47":1,"48":6,"49":1,"50":1,"51":0,"52":0,"53":0,"54":0,"55":0,"56":0,"57":0,"58":0,"59":0,"60":0,"61":0,"62":0,"63":0,"64":0,"65":0,"66":0,"67":0,"68":0,"69":6,"70":1,"71":1,"72":1,"73":0,"74":1,"75":1,"76":0,"77":1,"78":1,"79":0,"80":1,"81":1,"82":1,"83":0,"84":1,"85":1,"86":0,"87":1,"88":1,"89":1,"90":1,"91":0,"92":1,"93":1,"94":1,"95":1,"96":1,"97":0,"98":1,"99":1,"100":1,"101":0,"102":1,"103":1,"104":1,"105":1,"106":1,"107":1,"108":1,"109":1,"110":1,"111":1,"112":1,"113":1,"114":1,"115":1,"116":1,"117":1,"118":0,"119":0,"120":6,"121":1,"122":1,"123":1,"124":0,"125":1,"126":0,"127":0,"128":6,"129":0,"130":0,"131":0,"132":0,"133":0,"134":0,"135":0,"136":0,"137":0,"138":0,"139":0,"140":0,"141":0,"142":0,"143":0,"144":0,"145":0,"146":0,"147":0,"148":0,"149":0,"150":6,"151":0,"152":0,"153":0,"154":0,"155":0,"156":6,"157":0,"158":0,"159":0,"160":0,"161":0,"162":0,"163":0,"164":0,"165":0,"166":0,"167":0,"168":0},"f":{"0":1,"1":0,"2":1,"3":0,"4":1,"5":1,"6":0,"7":1,"8":1,"9":0,"10":0,"11":0,"12":0,"13":0,"14":1,"15":1,"16":0,"17":0,"18":1,"19":0,"20":1,"21":1,"22":1,"23":0,"24":0,"25":0,"26":0,"27":0},"b":{"0":[0,1],"1":[0,1],"2":[0,1],"3":[0,1],"4":[1,0],"5":[1,0],"6":[1,1],"7":[1,0],"8":[1,1,1,0,0,0,0,0],"9":[0,0],"10":[0,0],"11":[0,0],"12":[0,0],"13":[0,0],"14":[0,1],"15":[1,1,1,1],"16":[0,1],"17":[0,1],"18":[1,1],"19":[0,1],"20":[1,0],"21":[1,0],"22":[1,0],"23":[1,0],"24":[0,1],"25":[1,0],"26":[0,1],"27":[0,0],"28":[0,0],"29":[0,0],"30":[0,0],"31":[0,0],"32":[0,0],"33":[0,0],"34":[0,0],"35":[0,0]},"_coverageSchema":"1a1c01bbd47fc00a2c39e90264f33305004495a9","hash":"61ccfc3e7e5e51081b1180c737181d97c6ec785c"}
,"/Users/krishnabhandari/development/vedaLearnBackend/controllers/admin/courseManagement.js": {"path":"/Users/krishnabhandari/development/vedaLearnBackend/controllers/admin/courseManagement.js","statementMap":{"0":{"start":{"line":1,"column":15},"end":{"line":1,"column":50}},"1":{"start":{"line":2,"column":13},"end":{"line":2,"column":41}},"2":{"start":{"line":4,"column":0},"end":{"line":40,"column":2}},"3":{"start":{"line":5,"column":2},"end":{"line":39,"column":3}},"4":{"start":{"line":6,"column":19},"end":{"line":6,"column":31}},"5":{"start":{"line":7,"column":4},"end":{"line":7,"column":51}},"6":{"start":{"line":11,"column":20},"end":{"line":11,"column":39}},"7":{"start":{"line":14,"column":17},"end":{"line":14,"column":77}},"8":{"start":{"line":15,"column":30},"end":{"line":17,"column":5}},"9":{"start":{"line":16,"column":6},"end":{"line":16,"column":28}},"10":{"start":{"line":20,"column":30},"end":{"line":26,"column":6}},"11":{"start":{"line":21,"column":25},"end":{"line":21,"column":74}},"12":{"start":{"line":22,"column":6},"end":{"line":25,"column":8}},"13":{"start":{"line":28,"column":4},"end":{"line":32,"column":7}},"14":{"start":{"line":34,"column":4},"end":{"line":34,"column":50}},"15":{"start":{"line":35,"column":4},"end":{"line":38,"column":7}},"16":{"start":{"line":43,"column":0},"end":{"line":95,"column":2}},"17":{"start":{"line":44,"column":2},"end":{"line":94,"column":3}},"18":{"start":{"line":47,"column":38},"end":{"line":47,"column":46}},"19":{"start":{"line":49,"column":21},"end":{"line":49,"column":52}},"20":{"start":{"line":50,"column":4},"end":{"line":50,"column":55}},"21":{"start":{"line":53,"column":4},"end":{"line":59,"column":5}},"22":{"start":{"line":55,"column":6},"end":{"line":58,"column":9}},"23":{"start":{"line":60,"column":27},"end":{"line":60,"column":71}},"24":{"start":{"line":61,"column":4},"end":{"line":66,"column":5}},"25":{"start":{"line":62,"column":6},"end":{"line":65,"column":9}},"26":{"start":{"line":70,"column":22},"end":{"line":75,"column":6}},"27":{"start":{"line":77,"column":4},"end":{"line":77,"column":27}},"28":{"start":{"line":80,"column":4},"end":{"line":84,"column":7}},"29":{"start":{"line":88,"column":4},"end":{"line":88,"column":72}},"30":{"start":{"line":89,"column":4},"end":{"line":93,"column":7}},"31":{"start":{"line":97,"column":0},"end":{"line":112,"column":1}},"32":{"start":{"line":98,"column":4},"end":{"line":109,"column":5}},"33":{"start":{"line":99,"column":22},"end":{"line":99,"column":41}},"34":{"start":{"line":100,"column":8},"end":{"line":100,"column":96}},"35":{"start":{"line":103,"column":8},"end":{"line":107,"column":10}},"36":{"start":{"line":114,"column":0},"end":{"line":135,"column":1}},"37":{"start":{"line":115,"column":4},"end":{"line":134,"column":5}},"38":{"start":{"line":117,"column":21},"end":{"line":117,"column":57}},"39":{"start":{"line":118,"column":8},"end":{"line":121,"column":10}},"40":{"start":{"line":118,"column":20},"end":{"line":121,"column":10}},"41":{"start":{"line":122,"column":8},"end":{"line":126,"column":10}},"42":{"start":{"line":128,"column":8},"end":{"line":132,"column":10}},"43":{"start":{"line":137,"column":0},"end":{"line":173,"column":2}},"44":{"start":{"line":138,"column":2},"end":{"line":172,"column":3}},"45":{"start":{"line":139,"column":37},"end":{"line":139,"column":45}},"46":{"start":{"line":141,"column":23},"end":{"line":144,"column":5}},"47":{"start":{"line":146,"column":4},"end":{"line":148,"column":5}},"48":{"start":{"line":147,"column":6},"end":{"line":147,"column":61}},"49":{"start":{"line":150,"column":19},"end":{"line":152,"column":6}},"50":{"start":{"line":154,"column":4},"end":{"line":159,"column":5}},"51":{"start":{"line":155,"column":6},"end":{"line":158,"column":9}},"52":{"start":{"line":161,"column":4},"end":{"line":165,"column":7}},"53":{"start":{"line":167,"column":4},"end":{"line":167,"column":49}},"54":{"start":{"line":168,"column":4},"end":{"line":171,"column":7}},"55":{"start":{"line":176,"column":0},"end":{"line":184,"column":1}},"56":{"start":{"line":177,"column":4},"end":{"line":183,"column":5}},"57":{"start":{"line":178,"column":23},"end":{"line":178,"column":68}},"58":{"start":{"line":179,"column":8},"end":{"line":179,"column":98}},"59":{"start":{"line":179,"column":21},"end":{"line":179,"column":98}},"60":{"start":{"line":180,"column":8},"end":{"line":180,"column":70}},"61":{"start":{"line":182,"column":8},"end":{"line":182,"column":81}}},"fnMap":{"0":{"name":"(anonymous_0)","decl":{"start":{"line":4,"column":44},"end":{"line":4,"column":45}},"loc":{"start":{"line":4,"column":64},"end":{"line":40,"column":1}},"line":4},"1":{"name":"(anonymous_1)","decl":{"start":{"line":15,"column":55},"end":{"line":15,"column":56}},"loc":{"start":{"line":16,"column":6},"end":{"line":16,"column":28}},"line":16},"2":{"name":"(anonymous_2)","decl":{"start":{"line":20,"column":42},"end":{"line":20,"column":43}},"loc":{"start":{"line":20,"column":54},"end":{"line":26,"column":5}},"line":20},"3":{"name":"(anonymous_3)","decl":{"start":{"line":43,"column":23},"end":{"line":43,"column":24}},"loc":{"start":{"line":43,"column":43},"end":{"line":95,"column":1}},"line":43},"4":{"name":"(anonymous_4)","decl":{"start":{"line":97,"column":22},"end":{"line":97,"column":23}},"loc":{"start":{"line":97,"column":38},"end":{"line":112,"column":1}},"line":97},"5":{"name":"(anonymous_5)","decl":{"start":{"line":114,"column":22},"end":{"line":114,"column":23}},"loc":{"start":{"line":114,"column":39},"end":{"line":135,"column":1}},"line":114},"6":{"name":"(anonymous_6)","decl":{"start":{"line":137,"column":23},"end":{"line":137,"column":24}},"loc":{"start":{"line":137,"column":43},"end":{"line":173,"column":1}},"line":137},"7":{"name":"(anonymous_7)","decl":{"start":{"line":176,"column":21},"end":{"line":176,"column":22}},"loc":{"start":{"line":176,"column":37},"end":{"line":184,"column":1}},"line":176}},"branchMap":{"0":{"loc":{"start":{"line":49,"column":21},"end":{"line":49,"column":52}},"type":"cond-expr","locations":[{"start":{"line":49,"column":32},"end":{"line":49,"column":45}},{"start":{"line":49,"column":48},"end":{"line":49,"column":52}}],"line":49},"1":{"loc":{"start":{"line":53,"column":4},"end":{"line":59,"column":5}},"type":"if","locations":[{"start":{"line":53,"column":4},"end":{"line":59,"column":5}},{"start":{},"end":{}}],"line":53},"2":{"loc":{"start":{"line":53,"column":8},"end":{"line":53,"column":33}},"type":"binary-expr","locations":[{"start":{"line":53,"column":8},"end":{"line":53,"column":17}},{"start":{"line":53,"column":21},"end":{"line":53,"column":33}}],"line":53},"3":{"loc":{"start":{"line":61,"column":4},"end":{"line":66,"column":5}},"type":"if","locations":[{"start":{"line":61,"column":4},"end":{"line":66,"column":5}},{"start":{},"end":{}}],"line":61},"4":{"loc":{"start":{"line":118,"column":8},"end":{"line":121,"column":10}},"type":"if","locations":[{"start":{"line":118,"column":8},"end":{"line":121,"column":10}},{"start":{},"end":{}}],"line":118},"5":{"loc":{"start":{"line":146,"column":4},"end":{"line":148,"column":5}},"type":"if","locations":[{"start":{"line":146,"column":4},"end":{"line":148,"column":5}},{"start":{},"end":{}}],"line":146},"6":{"loc":{"start":{"line":147,"column":29},"end":{"line":147,"column":60}},"type":"cond-expr","locations":[{"start":{"line":147,"column":40},"end":{"line":147,"column":53}},{"start":{"line":147,"column":56},"end":{"line":147,"column":60}}],"line":147},"7":{"loc":{"start":{"line":154,"column":4},"end":{"line":159,"column":5}},"type":"if","locations":[{"start":{"line":154,"column":4},"end":{"line":159,"column":5}},{"start":{},"end":{}}],"line":154},"8":{"loc":{"start":{"line":179,"column":8},"end":{"line":179,"column":98}},"type":"if","locations":[{"start":{"line":179,"column":8},"end":{"line":179,"column":98}},{"start":{},"end":{}}],"line":179}},"s":{"0":6,"1":6,"2":6,"3":0,"4":0,"5":0,"6":0,"7":0,"8":0,"9":0,"10":0,"11":0,"12":0,"13":0,"14":0,"15":0,"16":6,"17":1,"18":1,"19":1,"20":1,"21":1,"22":0,"23":1,"24":1,"25":0,"26":1,"27":1,"28":1,"29":0,"30":0,"31":6,"32":1,"33":1,"34":1,"35":0,"36":6,"37":1,"38":1,"39":1,"40":0,"41":1,"42":0,"43":6,"44":0,"45":0,"46":0,"47":0,"48":0,"49":0,"50":0,"51":0,"52":0,"53":0,"54":0,"55":6,"56":1,"57":1,"58":1,"59":0,"60":1,"61":0},"f":{"0":0,"1":0,"2":0,"3":1,"4":1,"5":1,"6":0,"7":1},"b":{"0":[1,0],"1":[0,1],"2":[1,1],"3":[0,1],"4":[0,1],"5":[0,0],"6":[0,0],"7":[0,0],"8":[0,1]},"_coverageSchema":"1a1c01bbd47fc00a2c39e90264f33305004495a9","hash":"fc51ce5cdc17596d30f3cefdb54117cfeb577361"}
,"/Users/krishnabhandari/development/vedaLearnBackend/controllers/admin/learningController.js": {"path":"/Users/krishnabhandari/development/vedaLearnBackend/controllers/admin/learningController.js","statementMap":{"0":{"start":{"line":1,"column":17},"end":{"line":1,"column":54}},"1":{"start":{"line":3,"column":0},"end":{"line":35,"column":2}},"2":{"start":{"line":4,"column":47},"end":{"line":4,"column":55}},"3":{"start":{"line":6,"column":2},"end":{"line":8,"column":3}},"4":{"start":{"line":7,"column":4},"end":{"line":7,"column":94}},"5":{"start":{"line":10,"column":2},"end":{"line":12,"column":3}},"6":{"start":{"line":11,"column":4},"end":{"line":11,"column":87}},"7":{"start":{"line":14,"column":25},"end":{"line":14,"column":44}},"8":{"start":{"line":15,"column":2},"end":{"line":17,"column":3}},"9":{"start":{"line":16,"column":4},"end":{"line":16,"column":77}},"10":{"start":{"line":19,"column":19},"end":{"line":19,"column":50}},"11":{"start":{"line":21,"column":2},"end":{"line":34,"column":3}},"12":{"start":{"line":22,"column":21},"end":{"line":28,"column":6}},"13":{"start":{"line":30,"column":4},"end":{"line":30,"column":90}},"14":{"start":{"line":32,"column":4},"end":{"line":32,"column":52}},"15":{"start":{"line":33,"column":4},"end":{"line":33,"column":90}},"16":{"start":{"line":37,"column":0},"end":{"line":47,"column":2}},"17":{"start":{"line":38,"column":2},"end":{"line":46,"column":3}},"18":{"start":{"line":40,"column":22},"end":{"line":40,"column":67}},"19":{"start":{"line":42,"column":4},"end":{"line":42,"column":61}},"20":{"start":{"line":44,"column":4},"end":{"line":44,"column":52}},"21":{"start":{"line":45,"column":4},"end":{"line":45,"column":90}},"22":{"start":{"line":50,"column":0},"end":{"line":80,"column":2}},"23":{"start":{"line":51,"column":2},"end":{"line":79,"column":3}},"24":{"start":{"line":52,"column":25},"end":{"line":52,"column":35}},"25":{"start":{"line":54,"column":4},"end":{"line":59,"column":5}},"26":{"start":{"line":55,"column":6},"end":{"line":58,"column":9}},"27":{"start":{"line":61,"column":22},"end":{"line":64,"column":13}},"28":{"start":{"line":68,"column":4},"end":{"line":72,"column":7}},"29":{"start":{"line":74,"column":4},"end":{"line":74,"column":62}},"30":{"start":{"line":75,"column":4},"end":{"line":78,"column":7}}},"fnMap":{"0":{"name":"(anonymous_0)","decl":{"start":{"line":3,"column":33},"end":{"line":3,"column":34}},"loc":{"start":{"line":3,"column":53},"end":{"line":35,"column":1}},"line":3},"1":{"name":"(anonymous_1)","decl":{"start":{"line":37,"column":26},"end":{"line":37,"column":27}},"loc":{"start":{"line":37,"column":46},"end":{"line":47,"column":1}},"line":37},"2":{"name":"(anonymous_2)","decl":{"start":{"line":50,"column":31},"end":{"line":50,"column":32}},"loc":{"start":{"line":50,"column":51},"end":{"line":80,"column":1}},"line":50}},"branchMap":{"0":{"loc":{"start":{"line":6,"column":2},"end":{"line":8,"column":3}},"type":"if","locations":[{"start":{"line":6,"column":2},"end":{"line":8,"column":3}},{"start":{},"end":{}}],"line":6},"1":{"loc":{"start":{"line":6,"column":6},"end":{"line":6,"column":23}},"type":"binary-expr","locations":[{"start":{"line":6,"column":6},"end":{"line":6,"column":13}},{"start":{"line":6,"column":17},"end":{"line":6,"column":23}}],"line":6},"2":{"loc":{"start":{"line":10,"column":2},"end":{"line":12,"column":3}},"type":"if","locations":[{"start":{"line":10,"column":2},"end":{"line":12,"column":3}},{"start":{},"end":{}}],"line":10},"3":{"loc":{"start":{"line":15,"column":2},"end":{"line":17,"column":3}},"type":"if","locations":[{"start":{"line":15,"column":2},"end":{"line":17,"column":3}},{"start":{},"end":{}}],"line":15},"4":{"loc":{"start":{"line":54,"column":4},"end":{"line":59,"column":5}},"type":"if","locations":[{"start":{"line":54,"column":4},"end":{"line":59,"column":5}},{"start":{},"end":{}}],"line":54}},"s":{"0":6,"1":6,"2":0,"3":0,"4":0,"5":0,"6":0,"7":0,"8":0,"9":0,"10":0,"11":0,"12":0,"13":0,"14":0,"15":0,"16":6,"17":0,"18":0,"19":0,"20":0,"21":0,"22":6,"23":0,"24":0,"25":0,"26":0,"27":0,"28":0,"29":0,"30":0},"f":{"0":0,"1":0,"2":0},"b":{"0":[0,0],"1":[0,0],"2":[0,0],"3":[0,0],"4":[0,0]},"_coverageSchema":"1a1c01bbd47fc00a2c39e90264f33305004495a9","hash":"a01bfb3b43e8898089ebb3d8d4becfd35d656b86"}
,"/Users/krishnabhandari/development/vedaLearnBackend/controllers/admin/lessonManagement.js": {"path":"/Users/krishnabhandari/development/vedaLearnBackend/controllers/admin/lessonManagement.js","statementMap":{"0":{"start":{"line":1,"column":13},"end":{"line":1,"column":48}},"1":{"start":{"line":2,"column":13},"end":{"line":2,"column":48}},"2":{"start":{"line":3,"column":0},"end":{"line":37,"column":3}},"3":{"start":{"line":4,"column":4},"end":{"line":36,"column":1}},"4":{"start":{"line":7,"column":42},"end":{"line":7,"column":50}},"5":{"start":{"line":10,"column":17},"end":{"line":15,"column":2}},"6":{"start":{"line":16,"column":4},"end":{"line":16,"column":24}},"7":{"start":{"line":17,"column":4},"end":{"line":21,"column":6}},"8":{"start":{"line":22,"column":4},"end":{"line":26,"column":6}},"9":{"start":{"line":29,"column":4},"end":{"line":34,"column":5}},"10":{"start":{"line":41,"column":0},"end":{"line":58,"column":2}},"11":{"start":{"line":42,"column":2},"end":{"line":57,"column":3}},"12":{"start":{"line":43,"column":20},"end":{"line":43,"column":65}},"13":{"start":{"line":45,"column":4},"end":{"line":49,"column":7}},"14":{"start":{"line":52,"column":4},"end":{"line":52,"column":50}},"15":{"start":{"line":53,"column":4},"end":{"line":56,"column":7}},"16":{"start":{"line":60,"column":2},"end":{"line":80,"column":3}},"17":{"start":{"line":61,"column":6},"end":{"line":79,"column":7}},"18":{"start":{"line":62,"column":23},"end":{"line":62,"column":59}},"19":{"start":{"line":63,"column":10},"end":{"line":66,"column":12}},"20":{"start":{"line":63,"column":22},"end":{"line":66,"column":12}},"21":{"start":{"line":67,"column":10},"end":{"line":71,"column":12}},"22":{"start":{"line":73,"column":10},"end":{"line":77,"column":12}},"23":{"start":{"line":82,"column":2},"end":{"line":109,"column":2}},"24":{"start":{"line":83,"column":2},"end":{"line":108,"column":3}},"25":{"start":{"line":84,"column":25},"end":{"line":84,"column":35}},"26":{"start":{"line":86,"column":4},"end":{"line":91,"column":5}},"27":{"start":{"line":87,"column":6},"end":{"line":90,"column":9}},"28":{"start":{"line":93,"column":16},"end":{"line":93,"column":81}},"29":{"start":{"line":95,"column":4},"end":{"line":95,"column":25}},"30":{"start":{"line":97,"column":4},"end":{"line":101,"column":7}},"31":{"start":{"line":103,"column":4},"end":{"line":103,"column":60}},"32":{"start":{"line":104,"column":4},"end":{"line":107,"column":7}},"33":{"start":{"line":112,"column":2},"end":{"line":142,"column":3}},"34":{"start":{"line":113,"column":6},"end":{"line":141,"column":7}},"35":{"start":{"line":114,"column":23},"end":{"line":122,"column":11}},"36":{"start":{"line":123,"column":10},"end":{"line":126,"column":13}},"37":{"start":{"line":123,"column":22},"end":{"line":126,"column":13}},"38":{"start":{"line":127,"column":10},"end":{"line":130,"column":13}},"39":{"start":{"line":127,"column":22},"end":{"line":130,"column":13}},"40":{"start":{"line":131,"column":10},"end":{"line":134,"column":12}},"41":{"start":{"line":136,"column":10},"end":{"line":139,"column":12}},"42":{"start":{"line":144,"column":2},"end":{"line":152,"column":3}},"43":{"start":{"line":145,"column":6},"end":{"line":151,"column":7}},"44":{"start":{"line":146,"column":25},"end":{"line":146,"column":70}},"45":{"start":{"line":147,"column":10},"end":{"line":147,"column":100}},"46":{"start":{"line":147,"column":23},"end":{"line":147,"column":100}},"47":{"start":{"line":148,"column":10},"end":{"line":148,"column":72}},"48":{"start":{"line":150,"column":10},"end":{"line":150,"column":83}}},"fnMap":{"0":{"name":"(anonymous_0)","decl":{"start":{"line":3,"column":18},"end":{"line":3,"column":19}},"loc":{"start":{"line":3,"column":34},"end":{"line":37,"column":3}},"line":3},"1":{"name":"(anonymous_1)","decl":{"start":{"line":41,"column":24},"end":{"line":41,"column":25}},"loc":{"start":{"line":41,"column":44},"end":{"line":58,"column":1}},"line":41},"2":{"name":"(anonymous_2)","decl":{"start":{"line":60,"column":24},"end":{"line":60,"column":25}},"loc":{"start":{"line":60,"column":41},"end":{"line":80,"column":3}},"line":60},"3":{"name":"(anonymous_3)","decl":{"start":{"line":82,"column":31},"end":{"line":82,"column":32}},"loc":{"start":{"line":82,"column":51},"end":{"line":109,"column":1}},"line":82},"4":{"name":"(anonymous_4)","decl":{"start":{"line":112,"column":23},"end":{"line":112,"column":24}},"loc":{"start":{"line":112,"column":39},"end":{"line":142,"column":3}},"line":112},"5":{"name":"(anonymous_5)","decl":{"start":{"line":144,"column":23},"end":{"line":144,"column":24}},"loc":{"start":{"line":144,"column":39},"end":{"line":152,"column":3}},"line":144}},"branchMap":{"0":{"loc":{"start":{"line":63,"column":10},"end":{"line":66,"column":12}},"type":"if","locations":[{"start":{"line":63,"column":10},"end":{"line":66,"column":12}},{"start":{},"end":{}}],"line":63},"1":{"loc":{"start":{"line":86,"column":4},"end":{"line":91,"column":5}},"type":"if","locations":[{"start":{"line":86,"column":4},"end":{"line":91,"column":5}},{"start":{},"end":{}}],"line":86},"2":{"loc":{"start":{"line":123,"column":10},"end":{"line":126,"column":13}},"type":"if","locations":[{"start":{"line":123,"column":10},"end":{"line":126,"column":13}},{"start":{},"end":{}}],"line":123},"3":{"loc":{"start":{"line":127,"column":10},"end":{"line":130,"column":13}},"type":"if","locations":[{"start":{"line":127,"column":10},"end":{"line":130,"column":13}},{"start":{},"end":{}}],"line":127},"4":{"loc":{"start":{"line":147,"column":10},"end":{"line":147,"column":100}},"type":"if","locations":[{"start":{"line":147,"column":10},"end":{"line":147,"column":100}},{"start":{},"end":{}}],"line":147}},"s":{"0":6,"1":6,"2":6,"3":1,"4":1,"5":1,"6":1,"7":1,"8":1,"9":0,"10":6,"11":1,"12":1,"13":1,"14":0,"15":0,"16":6,"17":1,"18":1,"19":1,"20":0,"21":1,"22":0,"23":6,"24":1,"25":1,"26":1,"27":0,"28":1,"29":1,"30":1,"31":0,"32":0,"33":6,"34":1,"35":1,"36":1,"37":0,"38":1,"39":0,"40":1,"41":0,"42":6,"43":1,"44":1,"45":1,"46":0,"47":1,"48":0},"f":{"0":1,"1":1,"2":1,"3":1,"4":1,"5":1},"b":{"0":[0,1],"1":[0,1],"2":[0,1],"3":[0,1],"4":[0,1]},"_coverageSchema":"1a1c01bbd47fc00a2c39e90264f33305004495a9","hash":"08e80fcd1940e7376b43b77b9a3c02cf1f95263f"}
,"/Users/krishnabhandari/development/vedaLearnBackend/controllers/admin/questionManagement.js": {"path":"/Users/krishnabhandari/development/vedaLearnBackend/controllers/admin/questionManagement.js","statementMap":{"0":{"start":{"line":1,"column":17},"end":{"line":1,"column":36}},"1":{"start":{"line":12,"column":4},"end":{"line":12,"column":41}},"2":{"start":{"line":13,"column":20},"end":{"line":13,"column":57}},"3":{"start":{"line":17,"column":0},"end":{"line":69,"column":2}},"4":{"start":{"line":18,"column":3},"end":{"line":68,"column":3}},"5":{"start":{"line":19,"column":38},"end":{"line":19,"column":46}},"6":{"start":{"line":22,"column":3},"end":{"line":30,"column":3}},"7":{"start":{"line":23,"column":2},"end":{"line":29,"column":3}},"8":{"start":{"line":24,"column":4},"end":{"line":28,"column":5}},"9":{"start":{"line":25,"column":6},"end":{"line":25,"column":44}},"10":{"start":{"line":27,"column":6},"end":{"line":27,"column":53}},"11":{"start":{"line":32,"column":25},"end":{"line":40,"column":5}},"12":{"start":{"line":42,"column":18},"end":{"line":42,"column":44}},"13":{"start":{"line":43,"column":4},"end":{"line":45,"column":5}},"14":{"start":{"line":44,"column":6},"end":{"line":44,"column":109}},"15":{"start":{"line":48,"column":4},"end":{"line":50,"column":5}},"16":{"start":{"line":49,"column":6},"end":{"line":49,"column":84}},"17":{"start":{"line":53,"column":4},"end":{"line":58,"column":5}},"18":{"start":{"line":54,"column":6},"end":{"line":54,"column":54}},"19":{"start":{"line":55,"column":6},"end":{"line":55,"column":46}},"20":{"start":{"line":56,"column":0},"end":{"line":56,"column":39}},"21":{"start":{"line":61,"column":24},"end":{"line":61,"column":48}},"22":{"start":{"line":63,"column":4},"end":{"line":63,"column":63}},"23":{"start":{"line":65,"column":4},"end":{"line":65,"column":25}},"24":{"start":{"line":66,"column":4},"end":{"line":66,"column":51}},"25":{"start":{"line":67,"column":4},"end":{"line":67,"column":70}},"26":{"start":{"line":72,"column":0},"end":{"line":87,"column":2}},"27":{"start":{"line":73,"column":2},"end":{"line":86,"column":3}},"28":{"start":{"line":74,"column":22},"end":{"line":74,"column":30}},"29":{"start":{"line":75,"column":4},"end":{"line":75,"column":41}},"30":{"start":{"line":76,"column":4},"end":{"line":79,"column":7}},"31":{"start":{"line":81,"column":4},"end":{"line":81,"column":50}},"32":{"start":{"line":82,"column":4},"end":{"line":85,"column":7}},"33":{"start":{"line":89,"column":0},"end":{"line":136,"column":2}},"34":{"start":{"line":90,"column":2},"end":{"line":135,"column":3}},"35":{"start":{"line":91,"column":22},"end":{"line":91,"column":30}},"36":{"start":{"line":92,"column":4},"end":{"line":94,"column":5}},"37":{"start":{"line":93,"column":6},"end":{"line":93,"column":91}},"38":{"start":{"line":96,"column":29},"end":{"line":96,"column":31}},"39":{"start":{"line":98,"column":4},"end":{"line":129,"column":5}},"40":{"start":{"line":99,"column":40},"end":{"line":99,"column":48}},"41":{"start":{"line":102,"column":6},"end":{"line":126,"column":7}},"42":{"start":{"line":104,"column":10},"end":{"line":104,"column":76}},"43":{"start":{"line":105,"column":10},"end":{"line":105,"column":16}},"44":{"start":{"line":107,"column":10},"end":{"line":107,"column":79}},"45":{"start":{"line":108,"column":10},"end":{"line":108,"column":16}},"46":{"start":{"line":110,"column":10},"end":{"line":110,"column":74}},"47":{"start":{"line":111,"column":10},"end":{"line":111,"column":16}},"48":{"start":{"line":113,"column":10},"end":{"line":113,"column":79}},"49":{"start":{"line":114,"column":10},"end":{"line":114,"column":16}},"50":{"start":{"line":116,"column":10},"end":{"line":116,"column":78}},"51":{"start":{"line":117,"column":10},"end":{"line":117,"column":16}},"52":{"start":{"line":119,"column":10},"end":{"line":119,"column":73}},"53":{"start":{"line":120,"column":10},"end":{"line":120,"column":16}},"54":{"start":{"line":122,"column":10},"end":{"line":122,"column":74}},"55":{"start":{"line":123,"column":10},"end":{"line":123,"column":16}},"56
[...]
,"/Users/krishnabhandari/development/vedaLearnBackend/models/Plan.js": {"path":"/Users/krishnabhandari/development/vedaLearnBackend/models/Plan.js","statementMap":{"0":{"start":{"line":2,"column":17},"end":{"line":2,"column":36}},"1":{"start":{"line":4,"column":19},"end":{"line":8,"column":2}},"2":{"start":{"line":10,"column":0},"end":{"line":10,"column":52}}},"fnMap":{},"branchMap":{},"s":{"0":8,"1":8,"2":8},"f":{},"b":{},"_coverageSchema":"1a1c01bbd47fc00a2c39e90264f33305004495a9","hash":"93b8237658f495a2c0e85b99e499eb1dd255efb0"}
,"/Users/krishnabhandari/development/vedaLearnBackend/models/User.js": {"path":"/Users/krishnabhandari/development/vedaLearnBackend/models/User.js","statementMap":{"0":{"start":{"line":1,"column":17},"end":{"line":1,"column":36}},"1":{"start":{"line":3,"column":19},"end":{"line":69,"column":1}},"2":{"start":{"line":71,"column":0},"end":{"line":71,"column":52}}},"fnMap":{},"branchMap":{},"s":{"0":8,"1":8,"2":8},"f":{},"b":{},"_coverageSchema":"1a1c01bbd47fc00a2c39e90264f33305004495a9","hash":"b2aa2ab26508995bfa2b22bc7b96bcc33a24b458"}
,"/Users/krishnabhandari/development/vedaLearnBackend/models/courseModel.js": {"path":"/Users/krishnabhandari/development/vedaLearnBackend/models/courseModel.js","statementMap":{"0":{"start":{"line":2,"column":17},"end":{"line":2,"column":36}},"1":{"start":{"line":4,"column":21},"end":{"line":10,"column":24}},"2":{"start":{"line":12,"column":0},"end":{"line":12,"column":56}}},"fnMap":{},"branchMap":{},"s":{"0":6,"1":6,"2":6},"f":{},"b":{},"_coverageSchema":"1a1c01bbd47fc00a2c39e90264f33305004495a9","hash":"5918caadeff4fe708127c0aac1e250cec6a2126f"}
,"/Users/krishnabhandari/development/vedaLearnBackend/models/learningModel.js": {"path":"/Users/krishnabhandari/development/vedaLearnBackend/models/learningModel.js","statementMap":{"0":{"start":{"line":1,"column":17},"end":{"line":1,"column":36}},"1":{"start":{"line":3,"column":23},"end":{"line":23,"column":24}},"2":{"start":{"line":25,"column":0},"end":{"line":25,"column":60}}},"fnMap":{},"branchMap":{},"s":{"0":6,"1":6,"2":6},"f":{},"b":{},"_coverageSchema":"1a1c01bbd47fc00a2c39e90264f33305004495a9","hash":"c05711a8122f28db832fded0df57960bec492801"}
,"/Users/krishnabhandari/development/vedaLearnBackend/models/lessonModel.js": {"path":"/Users/krishnabhandari/development/vedaLearnBackend/models/lessonModel.js","statementMap":{"0":{"start":{"line":2,"column":17},"end":{"line":2,"column":36}},"1":{"start":{"line":4,"column":21},"end":{"line":11,"column":24}},"2":{"start":{"line":13,"column":0},"end":{"line":13,"column":56}}},"fnMap":{},"branchMap":{},"s":{"0":6,"1":6,"2":6},"f":{},"b":{},"_coverageSchema":"1a1c01bbd47fc00a2c39e90264f33305004495a9","hash":"d1cd3f6846be09a7531243e7f81ccf229b95b8e6"}
,"/Users/krishnabhandari/development/vedaLearnBackend/models/questionModel.js": {"path":"/Users/krishnabhandari/development/vedaLearnBackend/models/questionModel.js","statementMap":{"0":{"start":{"line":1,"column":17},"end":{"line":1,"column":36}},"1":{"start":{"line":3,"column":20},"end":{"line":7,"column":1}},"2":{"start":{"line":9,"column":23},"end":{"line":14,"column":15}},"3":{"start":{"line":16,"column":17},"end":{"line":16,"column":59}},"4":{"start":{"line":19,"column":20},"end":{"line":24,"column":3}},"5":{"start":{"line":27,"column":23},"end":{"line":32,"column":3}},"6":{"start":{"line":36,"column":18},"end":{"line":40,"column":3}},"7":{"start":{"line":43,"column":23},"end":{"line":47,"column":3}},"8":{"start":{"line":50,"column":22},"end":{"line":55,"column":3}},"9":{"start":{"line":58,"column":17},"end":{"line":61,"column":3}},"10":{"start":{"line":64,"column":18},"end":{"line":68,"column":3}},"11":{"start":{"line":72,"column":0},"end":{"line":82,"column":2}}},"fnMap":{},"branchMap":{},"s":{"0":6,"1":6,"2":6,"3":6,"4":6,"5":6,"6":6,"7":6,"8":6,"9":6,"10":6,"11":6},"f":{},"b":{},"_coverageSchema":"1a1c01bbd47fc00a2c39e90264f33305004495a9","hash":"96520af77730fa1d729b0dc5654b61e212af45ed"}
,"/Users/krishnabhandari/development/vedaLearnBackend/models/subscription.js": {"path":"/Users/krishnabhandari/development/vedaLearnBackend/models/subscription.js","statementMap":{"0":{"start":{"line":1,"column":17},"end":{"line":1,"column":36}},"1":{"start":{"line":3,"column":27},"end":{"line":14,"column":2}},"2":{"start":{"line":16,"column":0},"end":{"line":16,"column":68}}},"fnMap":{},"branchMap":{},"s":{"0":7,"1":7,"2":7},"f":{},"b":{},"_coverageSchema":"1a1c01bbd47fc00a2c39e90264f33305004495a9","hash":"a128cf1deac99fbafa7f33079f028f5153cfd6b4"}
,"/Users/krishnabhandari/development/vedaLearnBackend/models/teacherModel.js": {"path":"/Users/krishnabhandari/development/vedaLearnBackend/models/teacherModel.js","statementMap":{"0":{"start":{"line":1,"column":17},"end":{"line":1,"column":36}},"1":{"start":{"line":3,"column":22},"end":{"line":31,"column":1}},"2":{"start":{"line":33,"column":0},"end":{"line":33,"column":58}}},"fnMap":{},"branchMap":{},"s":{"0":6,"1":6,"2":6},"f":{},"b":{},"_coverageSchema":"1a1c01bbd47fc00a2c39e90264f33305004495a9","hash":"08d1bfd9a670e9809080b8d9e9ebb7f431d6561b"}
,"/Users/krishnabhandari/development/vedaLearnBackend/routes/planRoutes.js": {"path":"/Users/krishnabhandari/development/vedaLearnBackend/routes/planRoutes.js","statementMap":{"0":{"start":{"line":1,"column":16},"end":{"line":1,"column":34}},"1":{"start":{"line":2,"column":15},"end":{"line":2,"column":31}},"2":{"start":{"line":3,"column":23},"end":{"line":3,"column":63}},"3":{"start":{"line":4,"column":29},"end":{"line":4,"column":69}},"4":{"start":{"line":7,"column":0},"end":{"line":7,"column":44}},"5":{"start":{"line":8,"column":0},"end":{"line":8,"column":60}},"6":{"start":{"line":9,"column":0},"end":{"line":9,"column":47}},"7":{"start":{"line":10,"column":0},"end":{"line":10,"column":46}},"8":{"start":{"line":11,"column":0},"end":{"line":11,"column":49}},"9":{"start":{"line":13,"column":0},"end":{"line":13,"column":24}}},"fnMap":{},"branchMap":{},"s":{"0":6,"1":6,"2":6,"3":6,"4":6,"5":6,"6":6,"7":6,"8":6,"9":6},"f":{},"b":{},"_coverageSchema":"1a1c01bbd47fc00a2c39e90264f33305004495a9","hash":"d6d4f8d3ee83297b399680fe762f46e88f61b3d5"}
,"/Users/krishnabhandari/development/vedaLearnBackend/routes/subscriptionRoute.js": {"path":"/Users/krishnabhandari/development/vedaLearnBackend/routes/subscriptionRoute.js","statementMap":{"0":{"start":{"line":1,"column":14},"end":{"line":1,"column":32}},"1":{"start":{"line":2,"column":29},"end":{"line":2,"column":80}},"2":{"start":{"line":3,"column":29},"end":{"line":3,"column":72}},"3":{"start":{"line":5,"column":15},"end":{"line":5,"column":31}},"4":{"start":{"line":7,"column":0},"end":{"line":7,"column":71}},"5":{"start":{"line":8,"column":0},"end":{"line":8,"column":53}},"6":{"start":{"line":9,"column":0},"end":{"line":9,"column":77}},"7":{"start":{"line":11,"column":0},"end":{"line":11,"column":22}}},"fnMap":{},"branchMap":{},"s":{"0":6,"1":6,"2":6,"3":6,"4":6,"5":6,"6":6,"7":6},"f":{},"b":{},"_coverageSchema":"1a1c01bbd47fc00a2c39e90264f33305004495a9","hash":"781371dc328912a106c63bd5a6a57f3a3ef3c4fb"}
,"/Users/krishnabhandari/development/vedaLearnBackend/routes/teacherRoutes.js": {"path":"/Users/krishnabhandari/development/vedaLearnBackend/routes/teacherRoutes.js","statementMap":{"0":{"start":{"line":1,"column":16},"end":{"line":1,"column":34}},"1":{"start":{"line":2,"column":41},"end":{"line":2,"column":84}},"2":{"start":{"line":3,"column":15},"end":{"line":3,"column":31}},"3":{"start":{"line":4,"column":16},"end":{"line":4,"column":52}},"4":{"start":{"line":7,"column":0},"end":{"line":7,"column":76}},"5":{"start":{"line":8,"column":0},"end":{"line":8,"column":43}},"6":{"start":{"line":10,"column":0},"end":{"line":10,"column":24}}},"fnMap":{},"branchMap":{},"s":{"0":6,"1":6,"2":6,"3":6,"4":6,"5":6,"6":6},"f":{},"b":{},"_coverageSchema":"1a1c01bbd47fc00a2c39e90264f33305004495a9","hash":"a4868f604c9b51b9d597fef7bbdd995780831430"}
,"/Users/krishnabhandari/development/vedaLearnBackend/routes/userRoutes.js": {"path":"/Users/krishnabhandari/development/vedaLearnBackend/routes/userRoutes.js","statementMap":{"0":{"start":{"line":1,"column":16},"end":{"line":1,"column":34}},"1":{"start":{"line":2,"column":63},"end":{"line":2,"column":103}},"2":{"start":{"line":4,"column":15},"end":{"line":4,"column":31}},"3":{"start":{"line":6,"column":0},"end":{"line":6,"column":37}},"4":{"start":{"line":7,"column":0},"end":{"line":7,"column":31}},"5":{"start":{"line":8,"column":0},"end":{"line":8,"column":45}},"6":{"start":{"line":9,"column":0},"end":{"line":9,"column":53}},"7":{"start":{"line":11,"column":0},"end":{"line":11,"column":24}}},"fnMap":{},"branchMap":{},"s":{"0":6,"1":6,"2":6,"3":6,"4":6,"5":6,"6":6,"7":6},"f":{},"b":{},"_coverageSchema":"1a1c01bbd47fc00a2c39e90264f33305004495a9","hash":"6af88718fe08f50ae74e1bfe6fb248045042e4c8"}
,"/Users/krishnabhandari/development/vedaLearnBackend/routes/userprogressRoutes.js": {"path":"/Users/krishnabhandari/development/vedaLearnBackend/routes/userprogressRoutes.js","statementMap":{"0":{"start":{"line":1,"column":16},"end":{"line":1,"column":34}},"1":{"start":{"line":2,"column":31},"end":{"line":2,"column":79}},"2":{"start":{"line":3,"column":15},"end":{"line":3,"column":31}},"3":{"start":{"line":7,"column":0},"end":{"line":7,"column":71}},"4":{"start":{"line":8,"column":0},"end":{"line":8,"column":75}},"5":{"start":{"line":9,"column":0},"end":{"line":9,"column":75}},"6":{"start":{"line":10,"column":0},"end":{"line":10,"column":56}},"7":{"start":{"line":12,"column":0},"end":{"line":12,"column":78}},"8":{"start":{"line":14,"column":0},"end":{"line":14,"column":83}},"9":{"start":{"line":15,"column":0},"end":{"line":15,"column":64}},"10":{"start":{"line":18,"column":0},"end":{"line":18,"column":85}},"11":{"start":{"line":24,"column":0},"end":{"line":24,"column":24}}},"fnMap":{},"branchMap":{},"s":{"0":6,"1":6,"2":6,"3":6,"4":6,"5":6,"6":6,"7":6,"8":6,"9":6,"10":6,"11":6},"f":{},"b":{},"_coverageSchema":"1a1c01bbd47fc00a2c39e90264f33305004495a9","hash":"32d81d27af885cb3ce39a1231db4d16b71d07f97"}
,"/Users/krishnabhandari/development/vedaLearnBackend/routes/admin/adminCourseRoute.js": {"path":"/Users/krishnabhandari/development/vedaLearnBackend/routes/admin/adminCourseRoute.js","statementMap":{"0":{"start":{"line":1,"column":16},"end":{"line":1,"column":34}},"1":{"start":{"line":2,"column":15},"end":{"line":2,"column":31}},"2":{"start":{"line":3,"column":111},"end":{"line":3,"column":162}},"3":{"start":{"line":4,"column":51},"end":{"line":4,"column":94}},"4":{"start":{"line":6,"column":15},"end":{"line":6,"column":54}},"5":{"start":{"line":8,"column":0},"end":{"line":8,"column":80}},"6":{"start":{"line":11,"column":0},"end":{"line":17,"column":2}},"7":{"start":{"line":18,"column":0},"end":{"line":26,"column":1}},"8":{"start":{"line":27,"column":0},"end":{"line":33,"column":1}},"9":{"start":{"line":34,"column":0},"end":{"line":41,"column":1}},"10":{"start":{"line":42,"column":0},"end":{"line":47,"column":1}},"11":{"start":{"line":51,"column":0},"end":{"line":51,"column":21}}},"fnMap":{},"branchMap":{},"s":{"0":6,"1":6,"2":6,"3":6,"4":6,"5":6,"6":6,"7":6,"8":6,"9":6,"10":6,"11":6},"f":{},"b":{},"_coverageSchema":"1a1c01bbd47fc00a2c39e90264f33305004495a9","hash":"fc2579de39711d2008339ca2a0eeed0c6dca0828"}
,"/Users/krishnabhandari/development/vedaLearnBackend/routes/admin/adminLessonRoutes.js": {"path":"/Users/krishnabhandari/development/vedaLearnBackend/routes/admin/adminLessonRoutes.js","statementMap":{"0":{"start":{"line":1,"column":16},"end":{"line":1,"column":34}},"1":{"start":{"line":2,"column":15},"end":{"line":2,"column":31}},"2":{"start":{"line":3,"column":94},"end":{"line":3,"column":145}},"3":{"start":{"line":4,"column":51},"end":{"line":4,"column":94}},"4":{"start":{"line":8,"column":0},"end":{"line":13,"column":2}},"5":{"start":{"line":15,"column":0},"end":{"line":21,"column":2}},"6":{"start":{"line":22,"column":0},"end":{"line":29,"column":2}},"7":{"start":{"line":30,"column":0},"end":{"line":36,"column":1}},"8":{"start":{"line":37,"column":0},"end":{"line":43,"column":1}},"9":{"start":{"line":44,"column":0},"end":{"line":50,"column":1}},"10":{"start":{"line":51,"column":0},"end":{"line":51,"column":21}}},"fnMap":{},"branchMap":{},"s":{"0":6,"1":6,"2":6,"3":6,"4":6,"5":6,"6":6,"7":6,"8":6,"9":6,"10":6},"f":{},"b":{},"_coverageSchema":"1a1c01bbd47fc00a2c39e90264f33305004495a9","hash":"7ace10c8db5e2547be7795219e4dd6f8325007fc"}
,"/Users/krishnabhandari/development/vedaLearnBackend/routes/admin/adminQuestionRoutes.js": {"path":"/Users/krishnabhandari/development/vedaLearnBackend/routes/admin/adminQuestionRoutes.js","statementMap":{"0":{"start":{"line":1,"column":16},"end":{"line":1,"column":34}},"1":{"start":{"line":2,"column":15},"end":{"line":2,"column":31}},"2":{"start":{"line":3,"column":15},"end":{"line":3,"column":54}},"3":{"start":{"line":4,"column":19},"end":{"line":4,"column":72}},"4":{"start":{"line":6,"column":0},"end":{"line":6,"column":71}},"5":{"start":{"line":7,"column":0},"end":{"line":7,"column":41}},"6":{"start":{"line":8,"column":0},"end":{"line":8,"column":47}},"7":{"start":{"line":9,"column":0},"end":{"line":9,"column":65}},"8":{"start":{"line":10,"column":0},"end":{"line":10,"column":93}},"9":{"start":{"line":12,"column":0},"end":{"line":12,"column":73}},"10":{"start":{"line":13,"column":0},"end":{"line":13,"column":52}},"11":{"start":{"line":14,"column":0},"end":{"line":14,"column":49}},"12":{"start":{"line":15,"column":0},"end":{"line":15,"column":48}},"13":{"start":{"line":20,"column":0},"end":{"line":20,"column":24}}},"fnMap":{},"branchMap":{},"s":{"0":6,"1":6,"2":6,"3":6,"4":6,"5":6,"6":6,"7":6,"8":6,"9":6,"10":6,"11":6,"12":6,"13":6},"f":{},"b":{},"_coverageSchema":"1a1c01bbd47fc00a2c39e90264f33305004495a9","hash":"a6a49f026e4315eaa0701925b3b5b985ed36231e"}
,"/Users/krishnabhandari/development/vedaLearnBackend/routes/admin/adminTeacherRoute.js": {"path":"/Users/krishnabhandari/development/vedaLearnBackend/routes/admin/adminTeacherRoute.js","statementMap":{"0":{"start":{"line":1,"column":16},"end":{"line":1,"column":34}},"1":{"start":{"line":2,"column":15},"end":{"line":2,"column":31}},"2":{"start":{"line":3,"column":15},"end":{"line":3,"column":54}},"3":{"start":{"line":5,"column":38},"end":{"line":5,"column":81}},"4":{"start":{"line":6,"column":75},"end":{"line":6,"column":127}},"5":{"start":{"line":11,"column":0},"end":{"line":16,"column":1}},"6":{"start":{"line":18,"column":0},"end":{"line":21,"column":1}},"7":{"start":{"line":23,"column":0},"end":{"line":23,"column":63}},"8":{"start":{"line":25,"column":0},"end":{"line":28,"column":1}},"9":{"start":{"line":30,"column":0},"end":{"line":30,"column":23}}},"fnMap":{},"branchMap":{},"s":{"0":6,"1":6,"2":6,"3":6,"4":6,"5":6,"6":6,"7":6,"8":6,"9":6},"f":{},"b":{},"_coverageSchema":"1a1c01bbd47fc00a2c39e90264f33305004495a9","hash":"c9ea4421b9b1ace8eaf51c2a31a832a47e56d39a"}
,"/Users/krishnabhandari/development/vedaLearnBackend/routes/admin/adminUserRoute.js": {"path":"/Users/krishnabhandari/development/vedaLearnBackend/routes/admin/adminUserRoute.js","statementMap":{"0":{"start":{"line":1,"column":16},"end":{"line":1,"column":34}},"1":{"start":{"line":2,"column":15},"end":{"line":2,"column":31}},"2":{"start":{"line":3,"column":13},"end":{"line":3,"column":52}},"3":{"start":{"line":6,"column":21},"end":{"line":6,"column":70}},"4":{"start":{"line":7,"column":38},"end":{"line":7,"column":81}},"5":{"start":{"line":11,"column":0},"end":{"line":16,"column":1}},"6":{"start":{"line":19,"column":0},"end":{"line":22,"column":1}},"7":{"start":{"line":24,"column":0},"end":{"line":29,"column":1}},"8":{"start":{"line":31,"column":0},"end":{"line":34,"column":1}},"9":{"start":{"line":36,"column":0},"end":{"line":36,"column":23}}},"fnMap":{},"branchMap":{},"s":{"0":6,"1":6,"2":6,"3":6,"4":6,"5":6,"6":6,"7":6,"8":6,"9":6},"f":{},"b":{},"_coverageSchema":"1a1c01bbd47fc00a2c39e90264f33305004495a9","hash":"0de269802ec4aa7b49ba8a4fb01898f003604117"}
,"/Users/krishnabhandari/development/vedaLearnBackend/routes/admin/learningRoute.js": {"path":"/Users/krishnabhandari/development/vedaLearnBackend/routes/admin/learningRoute.js","statementMap":{"0":{"start":{"line":1,"column":16},"end":{"line":1,"column":34}},"1":{"start":{"line":2,"column":15},"end":{"line":2,"column":31}},"2":{"start":{"line":3,"column":27},"end":{"line":3,"column":80}},"3":{"start":{"line":4,"column":15},"end":{"line":4,"column":73}},"4":{"start":{"line":7,"column":0},"end":{"line":7,"column":68}},"5":{"start":{"line":10,"column":0},"end":{"line":10,"column":52}},"6":{"start":{"line":11,"column":0},"end":{"line":11,"column":66}},"7":{"start":{"line":13,"column":0},"end":{"line":13,"column":24}}},"fnMap":{},"branchMap":{},"s":{"0":6,"1":6,"2":6,"3":6,"4":6,"5":6,"6":6,"7":6},"f":{},"b":{},"_coverageSchema":"1a1c01bbd47fc00a2c39e90264f33305004495a9","hash":"f0cb52f3041578d8d4de0cb04c61d44c137ae707"}
,"/Users/krishnabhandari/development/vedaLearnBackend/tests/mock/authMock.js": {"path":"/Users/krishnabhandari/development/vedaLearnBackend/tests/mock/authMock.js","statementMap":{"0":{"start":{"line":1,"column":0},"end":{"line":18,"column":2}},"1":{"start":{"line":3,"column":4},"end":{"line":3,"column":33}},"2":{"start":{"line":4,"column":4},"end":{"line":4,"column":11}},"3":{"start":{"line":7,"column":4},"end":{"line":9,"column":5}},"4":{"start":{"line":8,"column":6},"end":{"line":8,"column":60}},"5":{"start":{"line":10,"column":4},"end":{"line":10,"column":11}},"6":{"start":{"line":13,"column":4},"end":{"line":15,"column":5}},"7":{"start":{"line":14,"column":6},"end":{"line":14,"column":20}},"8":{"start":{"line":16,"column":4},"end":{"line":16,"column":58}}},"fnMap":{"0":{"name":"(anonymous_0)","decl":{"start":{"line":2,"column":20},"end":{"line":2,"column":21}},"loc":{"start":{"line":2,"column":40},"end":{"line":5,"column":3}},"line":2},"1":{"name":"(anonymous_1)","decl":{"start":{"line":6,"column":11},"end":{"line":6,"column":12}},"loc":{"start":{"line":6,"column":31},"end":{"line":11,"column":3}},"line":6},"2":{"name":"(anonymous_2)","decl":{"start":{"line":12,"column":20},"end":{"line":12,"column":21}},"loc":{"start":{"line":12,"column":40},"end":{"line":17,"column":3}},"line":12}},"branchMap":{"0":{"loc":{"start":{"line":7,"column":4},"end":{"line":9,"column":5}},"type":"if","locations":[{"start":{"line":7,"column":4},"end":{"line":9,"column":5}},{"start":{},"end":{}}],"line":7},"1":{"loc":{"start":{"line":13,"column":4},"end":{"line":15,"column":5}},"type":"if","locations":[{"start":{"line":13,"column":4},"end":{"line":15,"column":5}},{"start":{},"end":{}}],"line":13}},"s":{"0":3,"1":9,"2":9,"3":2,"4":0,"5":2,"6":3,"7":3,"8":0},"f":{"0":9,"1":2,"2":3},"b":{"0":[0,2],"1":[3,0]},"_coverageSchema":"1a1c01bbd47fc00a2c39e90264f33305004495a9","hash":"9a5039f234f6753d8c5d821f337e56f8e1b639c3"}
}
