TN:
SF:app.js
FN:44,(anonymous_0)
FNF:1
FNH:0
FNDA:0,(anonymous_0)
DA:2,6
DA:3,6
DA:4,6
DA:5,6
DA:7,6
DA:8,6
DA:9,6
DA:10,6
DA:11,6
DA:12,6
DA:13,6
DA:14,6
DA:15,6
DA:16,6
DA:17,6
DA:19,6
DA:22,6
DA:26,6
DA:27,6
DA:28,6
DA:31,6
DA:32,6
DA:33,6
DA:34,6
DA:35,6
DA:36,6
DA:37,6
DA:38,6
DA:39,6
DA:40,6
DA:41,6
DA:44,6
DA:45,0
DA:46,0
DA:47,0
DA:48,0
DA:49,0
DA:50,0
DA:52,0
DA:55,6
LF:40
LH:33
BRDA:23,0,0,6
BRDA:23,0,1,0
BRDA:45,1,0,0
BRDA:45,1,1,0
BRDA:48,2,0,0
BRDA:48,2,1,0
BRF:6
BRH:1
end_of_record
TN:
SF:controllers/planController.js
FN:4,(anonymous_0)
FN:19,(anonymous_1)
FN:34,(anonymous_2)
FN:51,(anonymous_3)
FN:73,(anonymous_4)
FNF:5
FNH:5
FNDA:4,(anonymous_0)
FNDA:3,(anonymous_1)
FNDA:4,(anonymous_2)
FNDA:4,(anonymous_3)
FNDA:4,(anonymous_4)
DA:1,7
DA:4,7
DA:5,4
DA:6,4
DA:7,4
DA:8,3
DA:10,2
DA:11,2
DA:13,1
DA:14,1
DA:19,7
DA:20,3
DA:21,3
DA:22,2
DA:28,1
DA:29,1
DA:34,7
DA:35,4
DA:36,4
DA:37,4
DA:38,3
DA:39,2
DA:45,1
DA:46,1
DA:51,7
DA:52,4
DA:53,4
DA:54,4
DA:55,4
DA:60,3
DA:61,2
DA:67,1
DA:68,1
DA:73,7
DA:74,4
DA:75,4
DA:76,4
DA:77,3
DA:78,2
DA:80,1
DA:81,1
LF:41
LH:41
BRDA:8,0,0,1
BRDA:8,0,1,2
BRDA:38,1,0,1
BRDA:38,1,1,2
BRDA:60,2,0,1
BRDA:60,2,1,2
BRDA:77,3,0,1
BRDA:77,3,1,2
BRF:8
BRH:8
end_of_record
TN:
SF:controllers/subscriptionController.js
FN:14,(anonymous_0)
FN:22,(anonymous_1)
FN:59,(anonymous_2)
FN:96,(anonymous_3)
FNF:4
FNH:4
FNDA:1,(anonymous_0)
FNDA:3,(anonymous_1)
FNDA:3,(anonymous_2)
FNDA:2,(anonymous_3)
DA:2,7
DA:3,7
DA:4,7
DA:5,7
DA:6,7
DA:7,7
DA:8,7
DA:9,7
DA:10,7
DA:12,7
DA:14,7
DA:15,1
DA:16,1
DA:17,1
DA:22,7
DA:23,3
DA:24,3
DA:25,3
DA:26,2
DA:28,1
DA:29,1
DA:30,1
DA:31,1
DA:34,1
DA:42,1
DA:53,1
DA:54,1
DA:59,7
DA:60,3
DA:62,3
DA:63,3
DA:65,2
DA:66,1
DA:67,1
DA:68,1
DA:70,1
DA:71,0
DA:75,1
DA:76,1
DA:78,1
DA:79,1
DA:80,1
DA:81,1
DA:82,1
DA:83,1
DA:86,1
DA:89,1
DA:91,1
DA:92,1
DA:96,7
DA:97,2
DA:98,2
DA:99,1
DA:101,1
DA:102,1
DA:108,7
LF:56
LH:55
BRDA:26,0,0,1
BRDA:26,0,1,1
BRDA:65,1,0,1
BRDA:65,1,1,1
BRDA:70,2,0,0
BRDA:70,2,1,1
BRDA:76,3,0,0
BRDA:76,3,1,1
BRDA:81,4,0,1
BRDA:81,4,1,0
BRF:10
BRH:7
end_of_record
TN:
SF:controllers/teacherController.js
FN:5,(anonymous_0)
FN:62,(anonymous_1)
FNF:2
FNH:2
FNDA:3,(anonymous_0)
FNDA:5,(anonymous_1)
DA:1,6
DA:2,6
DA:3,6
DA:5,6
DA:6,3
DA:9,3
DA:12,3
DA:15,3
DA:18,3
DA:19,1
DA:26,2
DA:27,2
DA:28,1
DA:35,1
DA:38,1
DA:47,1
DA:49,1
DA:56,0
DA:57,0
DA:62,6
DA:63,5
DA:65,5
DA:66,5
DA:67,2
DA:73,3
DA:74,3
DA:75,1
DA:81,2
DA:82,2
DA:83,1
DA:89,1
DA:97,1
DA:101,1
DA:108,0
DA:109,0
LF:35
LH:31
BRDA:12,0,0,0
BRDA:12,0,1,3
BRDA:18,1,0,1
BRDA:18,1,1,2
BRDA:18,2,0,3
BRDA:18,2,1,3
BRDA:18,2,2,3
BRDA:18,2,3,2
BRDA:27,3,0,1
BRDA:27,3,1,1
BRDA:66,4,0,2
BRDA:66,4,1,3
BRDA:66,5,0,5
BRDA:66,5,1,4
BRDA:74,6,0,1
BRDA:74,6,1,2
BRDA:82,7,0,1
BRDA:82,7,1,1
BRF:18
BRH:17
end_of_record
TN:
SF:controllers/userController.js
FN:7,(anonymous_0)
FN:18,(anonymous_1)
FN:60,(anonymous_2)
FN:114,(anonymous_3)
FN:147,(anonymous_4)
FNF:5
FNH:2
FNDA:0,(anonymous_0)
FNDA:2,(anonymous_1)
FNDA:2,(anonymous_2)
FNDA:0,(anonymous_3)
FNDA:0,(anonymous_4)
DA:1,6
DA:2,6
DA:3,6
DA:5,6
DA:7,6
DA:8,0
DA:18,6
DA:19,2
DA:21,2
DA:22,2
DA:23,0
DA:30,2
DA:31,2
DA:32,1
DA:37,1
DA:39,1
DA:46,1
DA:48,1
DA:52,0
DA:53,0
DA:60,6
DA:61,2
DA:63,2
DA:64,2
DA:65,0
DA:71,2
DA:72,2
DA:73,0
DA:79,2
DA:80,2
DA:81,1
DA:87,1
DA:95,1
DA:99,1
DA:106,0
DA:107,0
DA:114,6
DA:115,0
DA:117,0
DA:118,0
DA:119,0
DA:121,0
DA:125,0
DA:126,0
DA:128,0
DA:139,0
DA:140,0
DA:142,0
DA:143,0
DA:147,6
DA:148,0
DA:149,0
DA:150,0
DA:152,0
DA:153,0
DA:154,0
DA:155,0
DA:157,0
DA:159,0
DA:160,0
DA:167,6
LF:61
LH:31
BRDA:22,0,0,0
BRDA:22,0,1,2
BRDA:22,1,0,2
BRDA:22,1,1,2
BRDA:22,1,2,2
BRDA:22,1,3,2
BRDA:31,2,0,1
BRDA:31,2,1,1
BRDA:64,3,0,0
BRDA:64,3,1,2
BRDA:64,4,0,2
BRDA:64,4,1,2
BRDA:72,5,0,0
BRDA:72,5,1,2
BRDA:80,6,0,1
BRDA:80,6,1,1
BRDA:119,7,0,0
BRDA:119,7,1,0
BRF:18
BRH:13
end_of_record
TN:
SF:controllers/userProgressManagement.js
FN:9,(anonymous_0)
FN:19,(anonymous_1)
FN:44,(anonymous_2)
FN:67,(anonymous_3)
FN:70,(anonymous_4)
FN:72,(anonymous_5)
FN:75,(anonymous_6)
FN:100,(anonymous_7)
FN:103,(anonymous_8)
FN:115,(anonymous_9)
FN:115,(anonymous_10)
FN:119,(anonymous_11)
FN:121,(anonymous_12)
FN:122,(anonymous_13)
FN:131,(anonymous_14)
FN:154,(anonymous_15)
FN:161,(anonymous_16)
FN:180,(anonymous_17)
FN:181,(anonymous_18)
FN:183,(anonymous_19)
FN:189,(anonymous_20)
FN:190,(anonymous_21)
FN:222,(anonymous_22)
FN:244,(anonymous_23)
FN:272,(anonymous_24)
FN:306,(anonymous_25)
FN:347,(anonymous_26)
FN:369,(anonymous_27)
FNF:28
FNH:12
FNDA:1,(anonymous_0)
FNDA:0,(anonymous_1)
FNDA:1,(anonymous_2)
FNDA:0,(anonymous_3)
FNDA:1,(anonymous_4)
FNDA:1,(anonymous_5)
FNDA:0,(anonymous_6)
FNDA:1,(anonymous_7)
FNDA:1,(anonymous_8)
FNDA:0,(anonymous_9)
FNDA:0,(anonymous_10)
FNDA:0,(anonymous_11)
FNDA:0,(anonymous_12)
FNDA:0,(anonymous_13)
FNDA:1,(anonymous_14)
FNDA:1,(anonymous_15)
FNDA:0,(anonymous_16)
FNDA:0,(anonymous_17)
FNDA:1,(anonymous_18)
FNDA:0,(anonymous_19)
FNDA:1,(anonymous_20)
FNDA:1,(anonymous_21)
FNDA:1,(anonymous_22)
FNDA:0,(anonymous_23)
FNDA:0,(anonymous_24)
FNDA:0,(anonymous_25)
FNDA:0,(anonymous_26)
FNDA:0,(anonymous_27)
DA:1,6
DA:2,6
DA:3,6
DA:4,6
DA:5,6
DA:7,6
DA:9,6
DA:10,1
DA:11,1
DA:12,1
DA:14,1
DA:15,1
DA:17,1
DA:18,1
DA:19,0
DA:22,1
DA:24,0
DA:27,1
DA:34,1
DA:36,1
DA:38,0
DA:39,0
DA:44,6
DA:45,1
DA:46,1
DA:47,1
DA:50,1
DA:56,1
DA:57,0
DA:61,1
DA:63,1
DA:64,0
DA:67,1
DA:70,1
DA:72,1
DA:75,1
DA:77,1
DA:79,1
DA:85,1
DA:92,0
DA:93,0
DA:100,6
DA:103,6
DA:104,1
DA:108,1
DA:110,0
DA:112,0
DA:114,0
DA:115,0
DA:116,0
DA:118,0
DA:119,0
DA:120,0
DA:121,0
DA:122,0
DA:123,0
DA:124,0
DA:125,0
DA:127,0
DA:131,6
DA:132,1
DA:133,1
DA:136,1
DA:142,0
DA:146,1
DA:147,1
DA:150,1
DA:151,1
DA:154,1
DA:155,1
DA:158,1
DA:161,1
DA:162,1
DA:163,1
DA:167,1
DA:168,1
DA:170,0
DA:174,1
DA:175,1
DA:176,1
DA:179,1
DA:180,1
DA:181,1
DA:183,1
DA:185,1
DA:186,1
DA:189,1
DA:190,1
DA:192,1
DA:193,1
DA:196,1
DA:197,1
DA:199,1
DA:200,1
DA:201,1
DA:202,1
DA:205,1
DA:207,1
DA:217,0
DA:218,0
DA:222,6
DA:223,1
DA:224,1
DA:229,1
DA:231,1
DA:237,0
DA:238,0
DA:244,6
DA:245,0
DA:246,0
DA:249,0
DA:250,0
DA:254,0
DA:257,0
DA:263,0
DA:266,0
DA:267,0
DA:270,0
DA:271,0
DA:272,0
DA:274,0
DA:275,0
DA:277,0
DA:278,0
DA:281,0
DA:284,0
DA:288,0
DA:300,0
DA:301,0
DA:306,6
DA:307,0
DA:308,0
DA:337,0
DA:339,0
DA:340,0
DA:347,6
DA:348,0
DA:349,0
DA:353,0
DA:358,0
DA:359,0
DA:363,0
DA:364,0
DA:369,0
DA:373,0
DA:378,0
DA:379,0
LF:147
LH:82
BRDA:15,0,0,0
BRDA:15,0,1,1
BRDA:22,1,0,0
BRDA:22,1,1,1
BRDA:56,2,0,0
BRDA:56,2,1,1
BRDA:63,3,0,0
BRDA:63,3,1,1
BRDA:72,4,0,1
BRDA:72,4,1,0
BRDA:77,5,0,1
BRDA:77,5,1,0
BRDA:77,6,0,1
BRDA:77,6,1,1
BRDA:87,7,0,1
BRDA:87,7,1,0
BRDA:104,8,0,1
BRDA:104,8,1,1
BRDA:104,8,2,1
BRDA:104,8,3,0
BRDA:104,8,4,0
BRDA:104,8,5,0
BRDA:104,8,6,0
BRDA:104,8,7,0
BRDA:112,9,0,0
BRDA:112,9,1,0
BRDA:114,10,0,0
BRDA:114,10,1,0
BRDA:114,11,0,0
BRDA:114,11,1,0
BRDA:118,12,0,0
BRDA:118,12,1,0
BRDA:118,13,0,0
BRDA:118,13,1,0
BRDA:136,14,0,0
BRDA:136,14,1,1
BRDA:137,15,0,1
BRDA:137,15,1,1
BRDA:137,15,2,1
BRDA:137,15,3,1
BRDA:147,16,0,0
BRDA:147,16,1,1
BRDA:151,17,0,0
BRDA:151,17,1,1
BRDA:154,18,0,1
BRDA:154,18,1,1
BRDA:155,19,0,0
BRDA:155,19,1,1
BRDA:162,20,0,1
BRDA:162,20,1,0
BRDA:167,21,0,1
BRDA:167,21,1,0
BRDA:174,22,0,1
BRDA:174,22,1,0
BRDA:185,23,0,1
BRDA:185,23,1,0
BRDA:197,24,0,0
BRDA:197,24,1,1
BRDA:199,25,0,1
BRDA:199,25,1,0
BRDA:229,26,0,0
BRDA:229,26,1,1
BRDA:249,27,0,0
BRDA:249,27,1,0
BRDA:274,28,0,0
BRDA:274,28,1,0
BRDA:277,29,0,0
BRDA:277,29,1,0
BRDA:277,30,0,0
BRDA:277,30,1,0
BRDA:281,31,0,0
BRDA:281,31,1,0
BRDA:284,32,0,0
BRDA:284,32,1,0
BRDA:358,33,0,0
BRDA:358,33,1,0
BRDA:363,34,0,0
BRDA:363,34,1,0
BRDA:363,35,0,0
BRDA:363,35,1,0
BRF:80
BRH:29
end_of_record
TN:
SF:controllers/admin/courseManagement.js
FN:4,(anonymous_0)
FN:15,(anonymous_1)
FN:20,(anonymous_2)
FN:43,(anonymous_3)
FN:97,(anonymous_4)
FN:114,(anonymous_5)
FN:137,(anonymous_6)
FN:176,(anonymous_7)
FNF:8
FNH:4
FNDA:0,(anonymous_0)
FNDA:0,(anonymous_1)
FNDA:0,(anonymous_2)
FNDA:1,(anonymous_3)
FNDA:1,(anonymous_4)
FNDA:1,(anonymous_5)
FNDA:0,(anonymous_6)
FNDA:1,(anonymous_7)
DA:1,6
DA:2,6
DA:4,6
DA:5,0
DA:6,0
DA:7,0
DA:11,0
DA:14,0
DA:15,0
DA:16,0
DA:20,0
DA:21,0
DA:22,0
DA:28,0
DA:34,0
DA:35,0
DA:43,6
DA:44,1
DA:47,1
DA:49,1
DA:50,1
DA:53,1
DA:55,0
DA:60,1
DA:61,1
DA:62,0
DA:70,1
DA:77,1
DA:80,1
DA:88,0
DA:89,0
DA:97,6
DA:98,1
DA:99,1
DA:100,1
DA:103,0
DA:114,6
DA:115,1
DA:117,1
DA:118,1
DA:122,1
DA:128,0
DA:137,6
DA:138,0
DA:139,0
DA:141,0
DA:146,0
DA:147,0
DA:150,0
DA:154,0
DA:155,0
DA:161,0
DA:167,0
DA:168,0
DA:176,6
DA:177,1
DA:178,1
DA:179,1
DA:180,1
DA:182,0
LF:60
LH:29
BRDA:49,0,0,1
BRDA:49,0,1,0
BRDA:53,1,0,0
BRDA:53,1,1,1
BRDA:53,2,0,1
BRDA:53,2,1,1
BRDA:61,3,0,0
BRDA:61,3,1,1
BRDA:118,4,0,0
BRDA:118,4,1,1
BRDA:146,5,0,0
BRDA:146,5,1,0
BRDA:147,6,0,0
BRDA:147,6,1,0
BRDA:154,7,0,0
BRDA:154,7,1,0
BRDA:179,8,0,0
BRDA:179,8,1,1
BRF:18
BRH:7
end_of_record
TN:
SF:controllers/admin/learningController.js
FN:3,(anonymous_0)
FN:37,(anonymous_1)
FN:50,(anonymous_2)
FNF:3
FNH:0
FNDA:0,(anonymous_0)
FNDA:0,(anonymous_1)
FNDA:0,(anonymous_2)
DA:1,6
DA:3,6
DA:4,0
DA:6,0
DA:7,0
DA:10,0
DA:11,0
DA:14,0
DA:15,0
DA:16,0
DA:19,0
DA:21,0
DA:22,0
DA:30,0
DA:32,0
DA:33,0
DA:37,6
DA:38,0
DA:40,0
DA:42,0
DA:44,0
DA:45,0
DA:50,6
DA:51,0
DA:52,0
DA:54,0
DA:55,0
DA:61,0
DA:68,0
DA:74,0
DA:75,0
LF:31
LH:4
BRDA:6,0,0,0
BRDA:6,0,1,0
BRDA:6,1,0,0
BRDA:6,1,1,0
BRDA:10,2,0,0
BRDA:10,2,1,0
BRDA:15,3,0,0
BRDA:15,3,1,0
BRDA:54,4,0,0
BRDA:54,4,1,0
BRF:10
BRH:0
end_of_record
TN:
SF:controllers/admin/lessonManagement.js
FN:3,(anonymous_0)
FN:41,(anonymous_1)
FN:60,(anonymous_2)
FN:82,(anonymous_3)
FN:112,(anonymous_4)
FN:144,(anonymous_5)
FNF:6
FNH:6
FNDA:1,(anonymous_0)
FNDA:1,(anonymous_1)
FNDA:1,(anonymous_2)
FNDA:1,(anonymous_3)
FNDA:1,(anonymous_4)
FNDA:1,(anonymous_5)
DA:1,6
DA:2,6
DA:3,6
DA:4,1
DA:7,1
DA:10,1
DA:16,1
DA:17,1
DA:22,1
DA:29,0
DA:41,6
DA:42,1
DA:43,1
DA:45,1
DA:52,0
DA:53,0
DA:60,6
DA:61,1
DA:62,1
DA:63,1
DA:67,1
DA:73,0
DA:82,6
DA:83,1
DA:84,1
DA:86,1
DA:87,0
DA:93,1
DA:95,1
DA:97,1
DA:103,0
DA:104,0
DA:112,6
DA:113,1
DA:114,1
DA:123,1
DA:127,1
DA:131,1
DA:136,0
DA:144,6
DA:145,1
DA:146,1
DA:147,1
DA:148,1
DA:150,0
LF:45
LH:36
BRDA:63,0,0,0
BRDA:63,0,1,1
BRDA:86,1,0,0
BRDA:86,1,1,1
BRDA:123,2,0,0
BRDA:123,2,1,1
BRDA:127,3,0,0
BRDA:127,3,1,1
BRDA:147,4,0,0
BRDA:147,4,1,1
BRF:10
BRH:5
end_of_record
TN:
SF:controllers/admin/questionManagement.js
FN:17,(anonymous_0)
FN:22,(anonymous_1)
FN:72,(anonymous_2)
FN:89,(anonymous_3)
FN:141,(anonymous_4)
FN:162,(anonymous_5)
FN:173,(anonymous_6)
FN:178,(anonymous_7)
FN:236,(anonymous_8)
FN:247,(anonymous_9)
FN:268,(anonymous_10)
FN:311,(anonymous_11)
FNF:12
FNH:7
FNDA:0,(anonymous_0)
FNDA:0,(anonymous_1)
FNDA:0,(anonymous_2)
FNDA:0,(anonymous_3)
FNDA:1,(anonymous_4)
FNDA:1,(anonymous_5)
FNDA:1,(anonymous_6)
FNDA:4,(anonymous_7)
FNDA:1,(anonymous_8)
FNDA:0,(anonymous_9)
FNDA:1,(anonymous_10)
FNDA:1,(anonymous_11)
DA:1,6
DA:12,6
DA:13,6
DA:17,6
DA:18,0
DA:19,0
DA:22,0
DA:23,0
DA:24,0
DA:25,0
DA:27,0
DA:32,0
DA:42,0
DA:43,0
DA:44,0
DA:48,0
DA:49,0
DA:53,0
DA:54,0
DA:55,0
DA:56,0
DA:61,0
DA:63,0
DA:65,0
DA:66,0
DA:67,0
DA:72,6
DA:73,0
DA:74,0
DA:75,0
DA:76,0
DA:81,0
DA:82,0
DA:89,6
DA:90,0
DA:91,0
DA:92,0
DA:93,0
DA:96,0
DA:98,0
DA:99,0
DA:102,0
DA:104,0
DA:105,0
DA:107,0
DA:108,0
DA:110,0
DA:111,0
DA:113,0
DA:114,0
DA:116,0
DA:117,0
DA:119,0
DA:120,0
DA:122,0
DA:123,0
DA:125,0
DA:128,0
DA:131,0
DA:133,0
DA:134,0
DA:141,6
DA:142,1
DA:143,1
DA:145,1
DA:146,1
DA:147,1
DA:149,1
DA:150,1
DA:154,1
DA:156,0
DA:157,0
DA:162,6
DA:163,1
DA:164,1
DA:165,1
DA:167,1
DA:169,0
DA:170,0
DA:173,6
DA:174,1
DA:175,1
DA:178,1
DA:179,4
DA:180,1
DA:181,1
DA:183,0
DA:189,1
DA:199,1
DA:200,1
DA:201,0
DA:208,1
DA:209,0
DA:210,0
DA:213,1
DA:215,1
DA:216,0
DA:219,1
DA:223,1
DA:224,0
DA:227,1
DA:229,0
DA:230,0
DA:236,6
DA:237,1
DA:238,1
DA:239,1
DA:241,1
DA:243,0
DA:244,0
DA:247,6
DA:248,0
DA:249,0
DA:251,0
DA:252,0
DA:255,0
DA:257,0
DA:262,0
DA:263,0
DA:268,6
DA:269,1
DA:271,1
DA:272,1
DA:274,1
DA:275,0
DA:278,1
DA:279,0
DA:283,1
DA:289,1
DA:293,1
DA:294,0
DA:297,1
DA:305,0
DA:306,0
DA:311,6
DA:312,1
DA:313,1
DA:314,1
DA:316,0
DA:317,0
LF:140
LH:56
BRDA:23,0,0,0
BRDA:23,0,1,0
BRDA:43,1,0,0
BRDA:43,1,1,0
BRDA:48,2,0,0
BRDA:48,2,1,0
BRDA:53,3,0,0
BRDA:53,3,1,0
BRDA:92,4,0,0
BRDA:92,4,1,0
BRDA:102,5,0,0
BRDA:102,5,1,0
BRDA:102,5,2,0
BRDA:102,5,3,0
BRDA:102,5,4,0
BRDA:102,5,5,0
BRDA:102,5,6,0
BRDA:102,5,7,0
BRDA:145,6,0,0
BRDA:145,6,1,1
BRDA:146,7,0,0
BRDA:146,7,1,1
BRDA:147,8,0,0
BRDA:147,8,1,1
BRDA:165,9,0,0
BRDA:165,9,1,1
BRDA:179,10,0,1
BRDA:179,10,1,3
BRDA:200,11,0,0
BRDA:200,11,1,1
BRDA:208,12,0,0
BRDA:208,12,1,1
BRDA:215,13,0,0
BRDA:215,13,1,1
BRDA:223,14,0,0
BRDA:223,14,1,1
BRDA:239,15,0,0
BRDA:239,15,1,1
BRDA:251,16,0,0
BRDA:251,16,1,0
BRDA:274,17,0,0
BRDA:274,17,1,1
BRDA:278,18,0,0
BRDA:278,18,1,1
BRDA:293,19,0,0
BRDA:293,19,1,1
BRF:46
BRH:14
end_of_record
TN:
SF:controllers/admin/teacherManagement.js
FN:6,(anonymous_0)
FN:43,(anonymous_1)
FN:62,(anonymous_2)
FN:104,(anonymous_3)
FNF:4
FNH:0
FNDA:0,(anonymous_0)
FNDA:0,(anonymous_1)
FNDA:0,(anonymous_2)
FNDA:0,(anonymous_3)
DA:2,6
DA:3,6
DA:6,6
DA:7,0
DA:8,0
DA:11,0
DA:18,0
DA:23,0
DA:25,0
DA:34,0
DA:35,0
DA:43,6
DA:44,0
DA:45,0
DA:46,0
DA:48,0
DA:56,0
DA:62,6
DA:63,0
DA:64,0
DA:65,0
DA:66,0
DA:68,0
DA:71,0
DA:80,0
DA:81,0
DA:84,0
DA:89,0
DA:90,0
DA:91,0
DA:94,0
DA:96,0
DA:97,0
DA:104,6
DA:105,0
DA:106,0
DA:107,0
DA:112,0
DA:116,0
LF:39
LH:6
BRDA:8,0,0,0
BRDA:8,1,0,0
BRDA:8,2,0,0
BRDA:66,3,0,0
BRDA:66,3,1,0
BRDA:72,4,0,0
BRDA:72,4,1,0
BRDA:73,5,0,0
BRDA:73,5,1,0
BRDA:74,6,0,0
BRDA:74,6,1,0
BRDA:75,7,0,0
BRDA:75,7,1,0
BRDA:80,8,0,0
BRDA:80,8,1,0
BRDA:89,9,0,0
BRDA:89,9,1,0
BRF:17
BRH:0
end_of_record
TN:
SF:controllers/admin/userManagement.js
FN:6,(anonymous_0)
FN:24,(anonymous_1)
FN:42,(anonymous_2)
FN:71,(anonymous_3)
FNF:4
FNH:0
FNDA:0,(anonymous_0)
FNDA:0,(anonymous_1)
FNDA:0,(anonymous_2)
FNDA:0,(anonymous_3)
DA:2,6
DA:3,6
DA:6,6
DA:7,0
DA:8,0
DA:9,0
DA:10,0
DA:18,0
DA:24,6
DA:25,0
DA:26,0
DA:27,0
DA:28,0
DA:36,0
DA:42,6
DA:43,0
DA:44,0
DA:45,0
DA:46,0
DA:60,0
DA:64,0
DA:71,6
DA:72,0
DA:73,0
DA:74,0
DA:79,0
DA:83,0
LF:27
LH:6
BRF:0
BRH:0
end_of_record
TN:
SF:middlewares/authorizedUser.js
FN:4,(anonymous_0)
FN:31,(anonymous_1)
FN:41,(anonymous_2)
FNF:3
FNH:3
FNDA:4,(anonymous_0)
FNDA:2,(anonymous_1)
FNDA:3,(anonymous_2)
DA:1,4
DA:2,4
DA:4,4
DA:5,4
DA:7,4
DA:8,4
DA:9,1
DA:13,3
DA:14,3
DA:15,2
DA:16,2
DA:17,1
DA:22,1
DA:23,1
DA:25,1
DA:31,4
DA:32,2
DA:33,1
DA:35,1
DA:41,4
DA:42,3
DA:43,2
DA:45,1
LF:23
LH:23
BRDA:8,0,0,1
BRDA:8,0,1,3
BRDA:8,1,0,4
BRDA:8,1,1,3
BRDA:16,2,0,1
BRDA:16,2,1,1
BRDA:32,3,0,1
BRDA:32,3,1,1
BRDA:32,4,0,2
BRDA:32,4,1,2
BRDA:42,5,0,2
BRDA:42,5,1,1
BRDA:42,6,0,3
BRDA:42,6,1,3
BRDA:42,6,2,2
BRF:15
BRH:15
end_of_record
TN:
SF:middlewares/fileUpload.js
FN:13,(anonymous_0)
FN:16,(anonymous_1)
FN:23,(anonymous_2)
FN:37,(anonymous_3)
FN:39,(anonymous_4)
FN:43,(anonymous_5)
FNF:6
FNH:4
FNDA:1,(anonymous_0)
FNDA:1,(anonymous_1)
FNDA:1,(anonymous_2)
FNDA:48,(anonymous_3)
FNDA:0,(anonymous_4)
FNDA:0,(anonymous_5)
DA:1,6
DA:3,6
DA:4,6
DA:5,6
DA:6,6
DA:7,0
DA:8,0
DA:12,6
DA:14,1
DA:17,1
DA:19,1
DA:23,6
DA:24,1
DA:25,1
DA:27,0
DA:30,6
DA:36,6
DA:37,48
DA:40,0
DA:43,0
LF:20
LH:15
BRDA:6,0,0,0
BRDA:6,0,1,6
BRDA:24,1,0,1
BRDA:24,1,1,0
BRDA:24,2,0,1
BRDA:24,2,1,0
BRDA:24,2,2,0
BRF:7
BRH:3
end_of_record
TN:
SF:models/Plan.js
FNF:0
FNH:0
DA:2,8
DA:4,8
DA:10,8
LF:3
LH:3
BRF:0
BRH:0
end_of_record
TN:
SF:models/User.js
FNF:0
FNH:0
DA:1,8
DA:3,8
DA:71,8
LF:3
LH:3
BRF:0
BRH:0
end_of_record
TN:
SF:models/courseModel.js
FNF:0
FNH:0
DA:2,6
DA:4,6
DA:12,6
LF:3
LH:3
BRF:0
BRH:0
end_of_record
TN:
SF:models/learningModel.js
FNF:0
FNH:0
DA:1,6
DA:3,6
DA:25,6
LF:3
LH:3
BRF:0
BRH:0
end_of_record
TN:
SF:models/lessonModel.js
FNF:0
FNH:0
DA:2,6
DA:4,6
DA:13,6
LF:3
LH:3
BRF:0
BRH:0
end_of_record
TN:
SF:models/questionModel.js
FNF:0
FNH:0
DA:1,6
DA:3,6
DA:9,6
DA:16,6
DA:19,6
DA:27,6
DA:36,6
DA:43,6
DA:50,6
DA:58,6
DA:64,6
DA:72,6
LF:12
LH:12
BRF:0
BRH:0
end_of_record
TN:
SF:models/subscription.js
FNF:0
FNH:0
DA:1,7
DA:3,7
DA:16,7
LF:3
LH:3
BRF:0
BRH:0
end_of_record
TN:
SF:models/teacherModel.js
FNF:0
FNH:0
DA:1,6
DA:3,6
DA:33,6
LF:3
LH:3
BRF:0
BRH:0
end_of_record
TN:
SF:routes/planRoutes.js
FNF:0
FNH:0
DA:1,6
DA:2,6
DA:3,6
DA:4,6
DA:7,6
DA:8,6
DA:9,6
DA:10,6
DA:11,6
DA:13,6
LF:10
LH:10
BRF:0
BRH:0
end_of_record
TN:
SF:routes/subscriptionRoute.js
FNF:0
FNH:0
DA:1,6
DA:2,6
DA:3,6
DA:5,6
DA:7,6
DA:8,6
DA:9,6
DA:11,6
LF:8
LH:8
BRF:0
BRH:0
end_of_record
TN:
SF:routes/teacherRoutes.js
FNF:0
FNH:0
DA:1,6
DA:2,6
DA:3,6
DA:4,6
DA:7,6
DA:8,6
DA:10,6
LF:7
LH:7
BRF:0
BRH:0
end_of_record
TN:
SF:routes/userRoutes.js
FNF:0
FNH:0
DA:1,6
DA:2,6
DA:4,6
DA:6,6
DA:7,6
DA:8,6
DA:9,6
DA:11,6
LF:8
LH:8
BRF:0
BRH:0
end_of_record
TN:
SF:routes/userprogressRoutes.js
FNF:0
FNH:0
DA:1,6
DA:2,6
DA:3,6
DA:7,6
DA:8,6
DA:9,6
DA:10,6
DA:12,6
DA:14,6
DA:15,6
DA:18,6
DA:24,6
LF:12
LH:12
BRF:0
BRH:0
end_of_record
TN:
SF:routes/admin/adminCourseRoute.js
FNF:0
FNH:0
DA:1,6
DA:2,6
DA:3,6
DA:4,6
DA:6,6
DA:8,6
DA:11,6
DA:18,6
DA:27,6
DA:34,6
DA:42,6
DA:51,6
LF:12
LH:12
BRF:0
BRH:0
end_of_record
TN:
SF:routes/admin/adminLessonRoutes.js
FNF:0
FNH:0
DA:1,6
DA:2,6
DA:3,6
DA:4,6
DA:8,6
DA:15,6
DA:22,6
DA:30,6
DA:37,6
DA:44,6
DA:51,6
LF:11
LH:11
BRF:0
BRH:0
end_of_record
TN:
SF:routes/admin/adminQuestionRoutes.js
FNF:0
FNH:0
DA:1,6
DA:2,6
DA:3,6
DA:4,6
DA:6,6
DA:7,6
DA:8,6
DA:9,6
DA:10,6
DA:12,6
DA:13,6
DA:14,6
DA:15,6
DA:20,6
LF:14
LH:14
BRF:0
BRH:0
end_of_record
TN:
SF:routes/admin/adminTeacherRoute.js
FNF:0
FNH:0
DA:1,6
DA:2,6
DA:3,6
DA:5,6
DA:6,6
DA:11,6
DA:18,6
DA:23,6
DA:25,6
DA:30,6
LF:10
LH:10
BRF:0
BRH:0
end_of_record
TN:
SF:routes/admin/adminUserRoute.js
FNF:0
FNH:0
DA:1,6
DA:2,6
DA:3,6
DA:6,6
DA:7,6
DA:11,6
DA:19,6
DA:24,6
DA:31,6
DA:36,6
LF:10
LH:10
BRF:0
BRH:0
end_of_record
TN:
SF:routes/admin/learningRoute.js
FNF:0
FNH:0
DA:1,6
DA:2,6
DA:3,6
DA:4,6
DA:7,6
DA:10,6
DA:11,6
DA:13,6
LF:8
LH:8
BRF:0
BRH:0
end_of_record
TN:
SF:tests/mock/authMock.js
FN:2,(anonymous_0)
FN:6,(anonymous_1)
FN:12,(anonymous_2)
FNF:3
FNH:3
FNDA:9,(anonymous_0)
FNDA:2,(anonymous_1)
FNDA:3,(anonymous_2)
DA:1,3
DA:3,9
DA:4,9
DA:7,2
DA:8,0
DA:10,2
DA:13,3
DA:14,3
DA:16,0
LF:9
LH:7
BRDA:7,0,0,0
BRDA:7,0,1,2
BRDA:13,1,0,3
BRDA:13,1,1,0
BRF:4
BRH:2
end_of_record
